2025-08-05T10:31:26.221+08:00  INFO 24784 --- [pmpSDK] [main] com.pmpsdk.PmpSdkApplication             : Starting PmpSdkApplication using Java 23.0.1 with PID 24784 (E:\桌面\sdk\QG-MonitorPlatform-SDK\pmpSDK\target\classes started by 17811 in E:\桌面\sdk\QG-MonitorPlatform-SDK\pmpSDK)
2025-08-05T10:31:26.226+08:00  INFO 24784 --- [pmpSDK] [main] com.pmpsdk.PmpSdkApplication             : No active profile set, falling back to 1 default profile: "default"
2025-08-05T10:31:26.750+08:00  INFO 24784 --- [pmpSDK] [main] .s.d.r.c.RepositoryConfigurationDelegate : Multiple Spring Data modules found, entering strict repository configuration mode
2025-08-05T10:31:26.752+08:00  INFO 24784 --- [pmpSDK] [main] .s.d.r.c.RepositoryConfigurationDelegate : Bootstrapping Spring Data Redis repositories in DEFAULT mode.
2025-08-05T10:31:26.774+08:00  INFO 24784 --- [pmpSDK] [main] .s.d.r.c.RepositoryConfigurationDelegate : Finished Spring Data repository scanning in 7 ms. Found 0 Redis repository interfaces.
2025-08-05T10:31:27.265+08:00  INFO 24784 --- [pmpSDK] [main] o.s.b.w.embedded.tomcat.TomcatWebServer  : Tomcat initialized with port 8080 (http)
2025-08-05T10:31:27.275+08:00  INFO 24784 --- [pmpSDK] [main] o.apache.catalina.core.StandardService   : Starting service [Tomcat]
2025-08-05T10:31:27.276+08:00  INFO 24784 --- [pmpSDK] [main] o.apache.catalina.core.StandardEngine    : Starting Servlet engine: [Apache Tomcat/10.1.43]
2025-08-05T10:31:27.311+08:00  INFO 24784 --- [pmpSDK] [main] o.a.c.c.C.[Tomcat].[localhost].[/]       : Initializing Spring embedded WebApplicationContext
2025-08-05T10:31:27.311+08:00  INFO 24784 --- [pmpSDK] [main] w.s.c.ServletWebServerApplicationContext : Root WebApplicationContext: initialization completed in 1039 ms
2025-08-05T10:31:28.151+08:00  INFO 24784 --- [pmpSDK] [main] o.s.b.w.embedded.tomcat.TomcatWebServer  : Tomcat started on port 8080 (http) with context path '/'
2025-08-05T10:31:28.157+08:00  INFO 24784 --- [pmpSDK] [main] com.pmpsdk.PmpSdkApplication             : Started PmpSdkApplication in 2.299 seconds (process running for 2.883)
2025-08-05T10:31:38.422+08:00  INFO 24784 --- [pmpSDK] [http-nio-8080-exec-1] o.a.c.c.C.[Tomcat].[localhost].[/]       : Initializing Spring DispatcherServlet 'dispatcherServlet'
2025-08-05T10:31:38.422+08:00  INFO 24784 --- [pmpSDK] [http-nio-8080-exec-1] o.s.web.servlet.DispatcherServlet        : Initializing Servlet 'dispatcherServlet'
2025-08-05T10:31:38.423+08:00  INFO 24784 --- [pmpSDK] [http-nio-8080-exec-1] o.s.web.servlet.DispatcherServlet        : Completed initialization in 1 ms
2025-08-05T10:31:38.451+08:00  INFO 24784 --- [pmpSDK] [http-nio-8080-exec-1] com.pmpsdk.log.LogUtils                  : 666
2025-08-05T10:31:59.554+08:00 ERROR 24784 --- [pmpSDK] [http-nio-8080-exec-1] com.pmpsdk.log.LogUtils                  : 日志上报异常

cn.hutool.core.io.IORuntimeException: ConnectException: Connection timed out: connect
	at cn.hutool.http.HttpRequest.send(HttpRequest.java:1350) ~[hutool-all-5.8.26.jar:5.8.26]
	at cn.hutool.http.HttpRequest.doExecute(HttpRequest.java:1188) ~[hutool-all-5.8.26.jar:5.8.26]
	at cn.hutool.http.HttpRequest.execute(HttpRequest.java:1051) ~[hutool-all-5.8.26.jar:5.8.26]
	at cn.hutool.http.HttpRequest.execute(HttpRequest.java:1027) ~[hutool-all-5.8.26.jar:5.8.26]
	at cn.hutool.http.HttpUtil.post(HttpUtil.java:229) ~[hutool-all-5.8.26.jar:5.8.26]
	at cn.hutool.http.HttpUtil.post(HttpUtil.java:210) ~[hutool-all-5.8.26.jar:5.8.26]
	at com.pmpsdk.log.LogUtils.sendToServer(LogUtils.java:67) ~[classes/:na]
	at com.pmpsdk.log.LogUtils.info(LogUtils.java:42) ~[classes/:na]
	at com.pmpsdk.controller.UserController.getUser(UserController.java:34) ~[classes/:na]
	at java.base/jdk.internal.reflect.DirectMethodHandleAccessor.invoke(DirectMethodHandleAccessor.java:103) ~[na:na]
	at java.base/java.lang.reflect.Method.invoke(Method.java:580) ~[na:na]
	at org.springframework.aop.support.AopUtils.invokeJoinpointUsingReflection(AopUtils.java:360) ~[spring-aop-6.2.9.jar:6.2.9]
	at org.springframework.aop.framework.ReflectiveMethodInvocation.invokeJoinpoint(ReflectiveMethodInvocation.java:196) ~[spring-aop-6.2.9.jar:6.2.9]
	at org.springframework.aop.framework.ReflectiveMethodInvocation.proceed(ReflectiveMethodInvocation.java:163) ~[spring-aop-6.2.9.jar:6.2.9]
	at org.springframework.aop.aspectj.MethodInvocationProceedingJoinPoint.proceed(MethodInvocationProceedingJoinPoint.java:89) ~[spring-aop-6.2.9.jar:6.2.9]
	at com.pmpsdk.aspect.RequestMonitorAspect.monitorRestController(RequestMonitorAspect.java:37) ~[classes/:na]
	at java.base/jdk.internal.reflect.DirectMethodHandleAccessor.invoke(DirectMethodHandleAccessor.java:103) ~[na:na]
	at java.base/java.lang.reflect.Method.invoke(Method.java:580) ~[na:na]
	at org.springframework.aop.aspectj.AbstractAspectJAdvice.invokeAdviceMethodWithGivenArgs(AbstractAspectJAdvice.java:649) ~[spring-aop-6.2.9.jar:6.2.9]
	at org.springframework.aop.aspectj.AbstractAspectJAdvice.invokeAdviceMethod(AbstractAspectJAdvice.java:631) ~[spring-aop-6.2.9.jar:6.2.9]
	at org.springframework.aop.aspectj.AspectJAroundAdvice.invoke(AspectJAroundAdvice.java:71) ~[spring-aop-6.2.9.jar:6.2.9]
	at org.springframework.aop.framework.ReflectiveMethodInvocation.proceed(ReflectiveMethodInvocation.java:173) ~[spring-aop-6.2.9.jar:6.2.9]
	at org.springframework.aop.aspectj.MethodInvocationProceedingJoinPoint.proceed(MethodInvocationProceedingJoinPoint.java:89) ~[spring-aop-6.2.9.jar:6.2.9]
	at com.pmpsdk.aspect.RequestMonitorAspect.monitorRequest(RequestMonitorAspect.java:23) ~[classes/:na]
	at java.base/jdk.internal.reflect.DirectMethodHandleAccessor.invoke(DirectMethodHandleAccessor.java:103) ~[na:na]
	at java.base/java.lang.reflect.Method.invoke(Method.java:580) ~[na:na]
	at org.springframework.aop.aspectj.AbstractAspectJAdvice.invokeAdviceMethodWithGivenArgs(AbstractAspectJAdvice.java:649) ~[spring-aop-6.2.9.jar:6.2.9]
	at org.springframework.aop.aspectj.AbstractAspectJAdvice.invokeAdviceMethod(AbstractAspectJAdvice.java:631) ~[spring-aop-6.2.9.jar:6.2.9]
	at org.springframework.aop.aspectj.AspectJAroundAdvice.invoke(AspectJAroundAdvice.java:71) ~[spring-aop-6.2.9.jar:6.2.9]
	at org.springframework.aop.framework.ReflectiveMethodInvocation.proceed(ReflectiveMethodInvocation.java:173) ~[spring-aop-6.2.9.jar:6.2.9]
	at org.springframework.aop.interceptor.ExposeInvocationInterceptor.invoke(ExposeInvocationInterceptor.java:97) ~[spring-aop-6.2.9.jar:6.2.9]
	at org.springframework.aop.framework.ReflectiveMethodInvocation.proceed(ReflectiveMethodInvocation.java:184) ~[spring-aop-6.2.9.jar:6.2.9]
	at org.springframework.aop.framework.CglibAopProxy$DynamicAdvisedInterceptor.intercept(CglibAopProxy.java:728) ~[spring-aop-6.2.9.jar:6.2.9]
	at com.pmpsdk.controller.UserController$$SpringCGLIB$$0.getUser(<generated>) ~[classes/:na]
	at java.base/jdk.internal.reflect.DirectMethodHandleAccessor.invoke(DirectMethodHandleAccessor.java:103) ~[na:na]
	at java.base/java.lang.reflect.Method.invoke(Method.java:580) ~[na:na]
	at org.springframework.web.method.support.InvocableHandlerMethod.doInvoke(InvocableHandlerMethod.java:258) ~[spring-web-6.2.9.jar:6.2.9]
	at org.springframework.web.method.support.InvocableHandlerMethod.invokeForRequest(InvocableHandlerMethod.java:191) ~[spring-web-6.2.9.jar:6.2.9]
	at org.springframework.web.servlet.mvc.method.annotation.ServletInvocableHandlerMethod.invokeAndHandle(ServletInvocableHandlerMethod.java:118) ~[spring-webmvc-6.2.9.jar:6.2.9]
	at org.springframework.web.servlet.mvc.method.annotation.RequestMappingHandlerAdapter.invokeHandlerMethod(RequestMappingHandlerAdapter.java:991) ~[spring-webmvc-6.2.9.jar:6.2.9]
	at org.springframework.web.servlet.mvc.method.annotation.RequestMappingHandlerAdapter.handleInternal(RequestMappingHandlerAdapter.java:896) ~[spring-webmvc-6.2.9.jar:6.2.9]
	at org.springframework.web.servlet.mvc.method.AbstractHandlerMethodAdapter.handle(AbstractHandlerMethodAdapter.java:87) ~[spring-webmvc-6.2.9.jar:6.2.9]
	at org.springframework.web.servlet.DispatcherServlet.doDispatch(DispatcherServlet.java:1089) ~[spring-webmvc-6.2.9.jar:6.2.9]
	at org.springframework.web.servlet.DispatcherServlet.doService(DispatcherServlet.java:979) ~[spring-webmvc-6.2.9.jar:6.2.9]
	at org.springframework.web.servlet.FrameworkServlet.processRequest(FrameworkServlet.java:1014) ~[spring-webmvc-6.2.9.jar:6.2.9]
	at org.springframework.web.servlet.FrameworkServlet.doGet(FrameworkServlet.java:903) ~[spring-webmvc-6.2.9.jar:6.2.9]
	at jakarta.servlet.http.HttpServlet.service(HttpServlet.java:564) ~[tomcat-embed-core-10.1.43.jar:6.0]
	at org.springframework.web.servlet.FrameworkServlet.service(FrameworkServlet.java:885) ~[spring-webmvc-6.2.9.jar:6.2.9]
	at jakarta.servlet.http.HttpServlet.service(HttpServlet.java:658) ~[tomcat-embed-core-10.1.43.jar:6.0]
	at org.apache.catalina.core.ApplicationFilterChain.internalDoFilter(ApplicationFilterChain.java:195) ~[tomcat-embed-core-10.1.43.jar:10.1.43]
	at org.apache.catalina.core.ApplicationFilterChain.doFilter(ApplicationFilterChain.java:140) ~[tomcat-embed-core-10.1.43.jar:10.1.43]
	at org.apache.tomcat.websocket.server.WsFilter.doFilter(WsFilter.java:51) ~[tomcat-embed-websocket-10.1.43.jar:10.1.43]
	at org.apache.catalina.core.ApplicationFilterChain.internalDoFilter(ApplicationFilterChain.java:164) ~[tomcat-embed-core-10.1.43.jar:10.1.43]
	at org.apache.catalina.core.ApplicationFilterChain.doFilter(ApplicationFilterChain.java:140) ~[tomcat-embed-core-10.1.43.jar:10.1.43]
	at org.springframework.web.filter.RequestContextFilter.doFilterInternal(RequestContextFilter.java:100) ~[spring-web-6.2.9.jar:6.2.9]
	at org.springframework.web.filter.OncePerRequestFilter.doFilter(OncePerRequestFilter.java:116) ~[spring-web-6.2.9.jar:6.2.9]
	at org.apache.catalina.core.ApplicationFilterChain.internalDoFilter(ApplicationFilterChain.java:164) ~[tomcat-embed-core-10.1.43.jar:10.1.43]
	at org.apache.catalina.core.ApplicationFilterChain.doFilter(ApplicationFilterChain.java:140) ~[tomcat-embed-core-10.1.43.jar:10.1.43]
	at org.springframework.web.filter.FormContentFilter.doFilterInternal(FormContentFilter.java:93) ~[spring-web-6.2.9.jar:6.2.9]
	at org.springframework.web.filter.OncePerRequestFilter.doFilter(OncePerRequestFilter.java:116) ~[spring-web-6.2.9.jar:6.2.9]
	at org.apache.catalina.core.ApplicationFilterChain.internalDoFilter(ApplicationFilterChain.java:164) ~[tomcat-embed-core-10.1.43.jar:10.1.43]
	at org.apache.catalina.core.ApplicationFilterChain.doFilter(ApplicationFilterChain.java:140) ~[tomcat-embed-core-10.1.43.jar:10.1.43]
	at org.springframework.web.filter.CharacterEncodingFilter.doFilterInternal(CharacterEncodingFilter.java:201) ~[spring-web-6.2.9.jar:6.2.9]
	at org.springframework.web.filter.OncePerRequestFilter.doFilter(OncePerRequestFilter.java:116) ~[spring-web-6.2.9.jar:6.2.9]
	at org.apache.catalina.core.ApplicationFilterChain.internalDoFilter(ApplicationFilterChain.java:164) ~[tomcat-embed-core-10.1.43.jar:10.1.43]
	at org.apache.catalina.core.ApplicationFilterChain.doFilter(ApplicationFilterChain.java:140) ~[tomcat-embed-core-10.1.43.jar:10.1.43]
	at org.apache.catalina.core.StandardWrapperValve.invoke(StandardWrapperValve.java:167) ~[tomcat-embed-core-10.1.43.jar:10.1.43]
	at org.apache.catalina.core.StandardContextValve.invoke(StandardContextValve.java:90) ~[tomcat-embed-core-10.1.43.jar:10.1.43]
	at org.apache.catalina.authenticator.AuthenticatorBase.invoke(AuthenticatorBase.java:483) ~[tomcat-embed-core-10.1.43.jar:10.1.43]
	at org.apache.catalina.core.StandardHostValve.invoke(StandardHostValve.java:116) ~[tomcat-embed-core-10.1.43.jar:10.1.43]
	at org.apache.catalina.valves.ErrorReportValve.invoke(ErrorReportValve.java:93) ~[tomcat-embed-core-10.1.43.jar:10.1.43]
	at org.apache.catalina.core.StandardEngineValve.invoke(StandardEngineValve.java:74) ~[tomcat-embed-core-10.1.43.jar:10.1.43]
	at org.apache.catalina.connector.CoyoteAdapter.service(CoyoteAdapter.java:344) ~[tomcat-embed-core-10.1.43.jar:10.1.43]
	at org.apache.coyote.http11.Http11Processor.service(Http11Processor.java:398) ~[tomcat-embed-core-10.1.43.jar:10.1.43]
	at org.apache.coyote.AbstractProcessorLight.process(AbstractProcessorLight.java:63) ~[tomcat-embed-core-10.1.43.jar:10.1.43]
	at org.apache.coyote.AbstractProtocol$ConnectionHandler.process(AbstractProtocol.java:903) ~[tomcat-embed-core-10.1.43.jar:10.1.43]
	at org.apache.tomcat.util.net.NioEndpoint$SocketProcessor.doRun(NioEndpoint.java:1769) ~[tomcat-embed-core-10.1.43.jar:10.1.43]
	at org.apache.tomcat.util.net.SocketProcessorBase.run(SocketProcessorBase.java:52) ~[tomcat-embed-core-10.1.43.jar:10.1.43]
	at org.apache.tomcat.util.threads.ThreadPoolExecutor.runWorker(ThreadPoolExecutor.java:1189) ~[tomcat-embed-core-10.1.43.jar:10.1.43]
	at org.apache.tomcat.util.threads.ThreadPoolExecutor$Worker.run(ThreadPoolExecutor.java:658) ~[tomcat-embed-core-10.1.43.jar:10.1.43]
	at org.apache.tomcat.util.threads.TaskThread$WrappingRunnable.run(TaskThread.java:63) ~[tomcat-embed-core-10.1.43.jar:10.1.43]
	at java.base/java.lang.Thread.run(Thread.java:1575) ~[na:na]
Caused by: java.net.ConnectException: Connection timed out: connect
	at java.base/sun.nio.ch.Net.connect0(Native Method) ~[na:na]
	at java.base/sun.nio.ch.Net.connect(Net.java:589) ~[na:na]
	at java.base/sun.nio.ch.Net.connect(Net.java:578) ~[na:na]
	at java.base/sun.nio.ch.NioSocketImpl.connect(NioSocketImpl.java:583) ~[na:na]
	at java.base/java.net.Socket.connect(Socket.java:760) ~[na:na]
	at java.base/java.net.Socket.connect(Socket.java:695) ~[na:na]
	at java.base/sun.net.NetworkClient.doConnect(NetworkClient.java:183) ~[na:na]
	at java.base/sun.net.www.http.HttpClient.openServer(HttpClient.java:531) ~[na:na]
	at java.base/sun.net.www.http.HttpClient.openServer(HttpClient.java:636) ~[na:na]
	at java.base/sun.net.www.http.HttpClient.<init>(HttpClient.java:280) ~[na:na]
	at java.base/sun.net.www.http.HttpClient.New(HttpClient.java:386) ~[na:na]
	at java.base/sun.net.www.http.HttpClient.New(HttpClient.java:408) ~[na:na]
	at java.base/sun.net.www.protocol.http.HttpURLConnection.getNewHttpClient(HttpURLConnection.java:1310) ~[na:na]
	at java.base/sun.net.www.protocol.http.HttpURLConnection.plainConnect0(HttpURLConnection.java:1243) ~[na:na]
	at java.base/sun.net.www.protocol.http.HttpURLConnection.plainConnect(HttpURLConnection.java:1129) ~[na:na]
	at java.base/sun.net.www.protocol.http.HttpURLConnection.connect(HttpURLConnection.java:1058) ~[na:na]
	at java.base/sun.net.www.protocol.http.HttpURLConnection.getOutputStream0(HttpURLConnection.java:1460) ~[na:na]
	at java.base/sun.net.www.protocol.http.HttpURLConnection.getOutputStream(HttpURLConnection.java:1423) ~[na:na]
	at cn.hutool.http.HttpConnection.getOutputStream(HttpConnection.java:458) ~[hutool-all-5.8.26.jar:5.8.26]
	at cn.hutool.http.HttpRequest.sendFormUrlEncoded(HttpRequest.java:1367) ~[hutool-all-5.8.26.jar:5.8.26]
	at cn.hutool.http.HttpRequest.send(HttpRequest.java:1342) ~[hutool-all-5.8.26.jar:5.8.26]
	... 81 common frames omitted

2025-08-05T10:32:20.602+08:00 ERROR 24784 --- [pmpSDK] [http-nio-8080-exec-1] com.pmpsdk.log.LogUtils                  : 日志上报异常

cn.hutool.core.io.IORuntimeException: ConnectException: Connection timed out: connect
	at cn.hutool.http.HttpRequest.send(HttpRequest.java:1350) ~[hutool-all-5.8.26.jar:5.8.26]
	at cn.hutool.http.HttpRequest.doExecute(HttpRequest.java:1188) ~[hutool-all-5.8.26.jar:5.8.26]
	at cn.hutool.http.HttpRequest.execute(HttpRequest.java:1051) ~[hutool-all-5.8.26.jar:5.8.26]
	at cn.hutool.http.HttpRequest.execute(HttpRequest.java:1027) ~[hutool-all-5.8.26.jar:5.8.26]
	at cn.hutool.http.HttpUtil.post(HttpUtil.java:229) ~[hutool-all-5.8.26.jar:5.8.26]
	at cn.hutool.http.HttpUtil.post(HttpUtil.java:210) ~[hutool-all-5.8.26.jar:5.8.26]
	at com.pmpsdk.log.LogUtils.sendToServer(LogUtils.java:67) ~[classes/:na]
	at com.pmpsdk.log.LogUtils.debug(LogUtils.java:18) ~[classes/:na]
	at com.pmpsdk.controller.UserController.getUser(UserController.java:35) ~[classes/:na]
	at java.base/jdk.internal.reflect.DirectMethodHandleAccessor.invoke(DirectMethodHandleAccessor.java:103) ~[na:na]
	at java.base/java.lang.reflect.Method.invoke(Method.java:580) ~[na:na]
	at org.springframework.aop.support.AopUtils.invokeJoinpointUsingReflection(AopUtils.java:360) ~[spring-aop-6.2.9.jar:6.2.9]
	at org.springframework.aop.framework.ReflectiveMethodInvocation.invokeJoinpoint(ReflectiveMethodInvocation.java:196) ~[spring-aop-6.2.9.jar:6.2.9]
	at org.springframework.aop.framework.ReflectiveMethodInvocation.proceed(ReflectiveMethodInvocation.java:163) ~[spring-aop-6.2.9.jar:6.2.9]
	at org.springframework.aop.aspectj.MethodInvocationProceedingJoinPoint.proceed(MethodInvocationProceedingJoinPoint.java:89) ~[spring-aop-6.2.9.jar:6.2.9]
	at com.pmpsdk.aspect.RequestMonitorAspect.monitorRestController(RequestMonitorAspect.java:37) ~[classes/:na]
	at java.base/jdk.internal.reflect.DirectMethodHandleAccessor.invoke(DirectMethodHandleAccessor.java:103) ~[na:na]
	at java.base/java.lang.reflect.Method.invoke(Method.java:580) ~[na:na]
	at org.springframework.aop.aspectj.AbstractAspectJAdvice.invokeAdviceMethodWithGivenArgs(AbstractAspectJAdvice.java:649) ~[spring-aop-6.2.9.jar:6.2.9]
	at org.springframework.aop.aspectj.AbstractAspectJAdvice.invokeAdviceMethod(AbstractAspectJAdvice.java:631) ~[spring-aop-6.2.9.jar:6.2.9]
	at org.springframework.aop.aspectj.AspectJAroundAdvice.invoke(AspectJAroundAdvice.java:71) ~[spring-aop-6.2.9.jar:6.2.9]
	at org.springframework.aop.framework.ReflectiveMethodInvocation.proceed(ReflectiveMethodInvocation.java:173) ~[spring-aop-6.2.9.jar:6.2.9]
	at org.springframework.aop.aspectj.MethodInvocationProceedingJoinPoint.proceed(MethodInvocationProceedingJoinPoint.java:89) ~[spring-aop-6.2.9.jar:6.2.9]
	at com.pmpsdk.aspect.RequestMonitorAspect.monitorRequest(RequestMonitorAspect.java:23) ~[classes/:na]
	at java.base/jdk.internal.reflect.DirectMethodHandleAccessor.invoke(DirectMethodHandleAccessor.java:103) ~[na:na]
	at java.base/java.lang.reflect.Method.invoke(Method.java:580) ~[na:na]
	at org.springframework.aop.aspectj.AbstractAspectJAdvice.invokeAdviceMethodWithGivenArgs(AbstractAspectJAdvice.java:649) ~[spring-aop-6.2.9.jar:6.2.9]
	at org.springframework.aop.aspectj.AbstractAspectJAdvice.invokeAdviceMethod(AbstractAspectJAdvice.java:631) ~[spring-aop-6.2.9.jar:6.2.9]
	at org.springframework.aop.aspectj.AspectJAroundAdvice.invoke(AspectJAroundAdvice.java:71) ~[spring-aop-6.2.9.jar:6.2.9]
	at org.springframework.aop.framework.ReflectiveMethodInvocation.proceed(ReflectiveMethodInvocation.java:173) ~[spring-aop-6.2.9.jar:6.2.9]
	at org.springframework.aop.interceptor.ExposeInvocationInterceptor.invoke(ExposeInvocationInterceptor.java:97) ~[spring-aop-6.2.9.jar:6.2.9]
	at org.springframework.aop.framework.ReflectiveMethodInvocation.proceed(ReflectiveMethodInvocation.java:184) ~[spring-aop-6.2.9.jar:6.2.9]
	at org.springframework.aop.framework.CglibAopProxy$DynamicAdvisedInterceptor.intercept(CglibAopProxy.java:728) ~[spring-aop-6.2.9.jar:6.2.9]
	at com.pmpsdk.controller.UserController$$SpringCGLIB$$0.getUser(<generated>) ~[classes/:na]
	at java.base/jdk.internal.reflect.DirectMethodHandleAccessor.invoke(DirectMethodHandleAccessor.java:103) ~[na:na]
	at java.base/java.lang.reflect.Method.invoke(Method.java:580) ~[na:na]
	at org.springframework.web.method.support.InvocableHandlerMethod.doInvoke(InvocableHandlerMethod.java:258) ~[spring-web-6.2.9.jar:6.2.9]
	at org.springframework.web.method.support.InvocableHandlerMethod.invokeForRequest(InvocableHandlerMethod.java:191) ~[spring-web-6.2.9.jar:6.2.9]
	at org.springframework.web.servlet.mvc.method.annotation.ServletInvocableHandlerMethod.invokeAndHandle(ServletInvocableHandlerMethod.java:118) ~[spring-webmvc-6.2.9.jar:6.2.9]
	at org.springframework.web.servlet.mvc.method.annotation.RequestMappingHandlerAdapter.invokeHandlerMethod(RequestMappingHandlerAdapter.java:991) ~[spring-webmvc-6.2.9.jar:6.2.9]
	at org.springframework.web.servlet.mvc.method.annotation.RequestMappingHandlerAdapter.handleInternal(RequestMappingHandlerAdapter.java:896) ~[spring-webmvc-6.2.9.jar:6.2.9]
	at org.springframework.web.servlet.mvc.method.AbstractHandlerMethodAdapter.handle(AbstractHandlerMethodAdapter.java:87) ~[spring-webmvc-6.2.9.jar:6.2.9]
	at org.springframework.web.servlet.DispatcherServlet.doDispatch(DispatcherServlet.java:1089) ~[spring-webmvc-6.2.9.jar:6.2.9]
	at org.springframework.web.servlet.DispatcherServlet.doService(DispatcherServlet.java:979) ~[spring-webmvc-6.2.9.jar:6.2.9]
	at org.springframework.web.servlet.FrameworkServlet.processRequest(FrameworkServlet.java:1014) ~[spring-webmvc-6.2.9.jar:6.2.9]
	at org.springframework.web.servlet.FrameworkServlet.doGet(FrameworkServlet.java:903) ~[spring-webmvc-6.2.9.jar:6.2.9]
	at jakarta.servlet.http.HttpServlet.service(HttpServlet.java:564) ~[tomcat-embed-core-10.1.43.jar:6.0]
	at org.springframework.web.servlet.FrameworkServlet.service(FrameworkServlet.java:885) ~[spring-webmvc-6.2.9.jar:6.2.9]
	at jakarta.servlet.http.HttpServlet.service(HttpServlet.java:658) ~[tomcat-embed-core-10.1.43.jar:6.0]
	at org.apache.catalina.core.ApplicationFilterChain.internalDoFilter(ApplicationFilterChain.java:195) ~[tomcat-embed-core-10.1.43.jar:10.1.43]
	at org.apache.catalina.core.ApplicationFilterChain.doFilter(ApplicationFilterChain.java:140) ~[tomcat-embed-core-10.1.43.jar:10.1.43]
	at org.apache.tomcat.websocket.server.WsFilter.doFilter(WsFilter.java:51) ~[tomcat-embed-websocket-10.1.43.jar:10.1.43]
	at org.apache.catalina.core.ApplicationFilterChain.internalDoFilter(ApplicationFilterChain.java:164) ~[tomcat-embed-core-10.1.43.jar:10.1.43]
	at org.apache.catalina.core.ApplicationFilterChain.doFilter(ApplicationFilterChain.java:140) ~[tomcat-embed-core-10.1.43.jar:10.1.43]
	at org.springframework.web.filter.RequestContextFilter.doFilterInternal(RequestContextFilter.java:100) ~[spring-web-6.2.9.jar:6.2.9]
	at org.springframework.web.filter.OncePerRequestFilter.doFilter(OncePerRequestFilter.java:116) ~[spring-web-6.2.9.jar:6.2.9]
	at org.apache.catalina.core.ApplicationFilterChain.internalDoFilter(ApplicationFilterChain.java:164) ~[tomcat-embed-core-10.1.43.jar:10.1.43]
	at org.apache.catalina.core.ApplicationFilterChain.doFilter(ApplicationFilterChain.java:140) ~[tomcat-embed-core-10.1.43.jar:10.1.43]
	at org.springframework.web.filter.FormContentFilter.doFilterInternal(FormContentFilter.java:93) ~[spring-web-6.2.9.jar:6.2.9]
	at org.springframework.web.filter.OncePerRequestFilter.doFilter(OncePerRequestFilter.java:116) ~[spring-web-6.2.9.jar:6.2.9]
	at org.apache.catalina.core.ApplicationFilterChain.internalDoFilter(ApplicationFilterChain.java:164) ~[tomcat-embed-core-10.1.43.jar:10.1.43]
	at org.apache.catalina.core.ApplicationFilterChain.doFilter(ApplicationFilterChain.java:140) ~[tomcat-embed-core-10.1.43.jar:10.1.43]
	at org.springframework.web.filter.CharacterEncodingFilter.doFilterInternal(CharacterEncodingFilter.java:201) ~[spring-web-6.2.9.jar:6.2.9]
	at org.springframework.web.filter.OncePerRequestFilter.doFilter(OncePerRequestFilter.java:116) ~[spring-web-6.2.9.jar:6.2.9]
	at org.apache.catalina.core.ApplicationFilterChain.internalDoFilter(ApplicationFilterChain.java:164) ~[tomcat-embed-core-10.1.43.jar:10.1.43]
	at org.apache.catalina.core.ApplicationFilterChain.doFilter(ApplicationFilterChain.java:140) ~[tomcat-embed-core-10.1.43.jar:10.1.43]
	at org.apache.catalina.core.StandardWrapperValve.invoke(StandardWrapperValve.java:167) ~[tomcat-embed-core-10.1.43.jar:10.1.43]
	at org.apache.catalina.core.StandardContextValve.invoke(StandardContextValve.java:90) ~[tomcat-embed-core-10.1.43.jar:10.1.43]
	at org.apache.catalina.authenticator.AuthenticatorBase.invoke(AuthenticatorBase.java:483) ~[tomcat-embed-core-10.1.43.jar:10.1.43]
	at org.apache.catalina.core.StandardHostValve.invoke(StandardHostValve.java:116) ~[tomcat-embed-core-10.1.43.jar:10.1.43]
	at org.apache.catalina.valves.ErrorReportValve.invoke(ErrorReportValve.java:93) ~[tomcat-embed-core-10.1.43.jar:10.1.43]
	at org.apache.catalina.core.StandardEngineValve.invoke(StandardEngineValve.java:74) ~[tomcat-embed-core-10.1.43.jar:10.1.43]
	at org.apache.catalina.connector.CoyoteAdapter.service(CoyoteAdapter.java:344) ~[tomcat-embed-core-10.1.43.jar:10.1.43]
	at org.apache.coyote.http11.Http11Processor.service(Http11Processor.java:398) ~[tomcat-embed-core-10.1.43.jar:10.1.43]
	at org.apache.coyote.AbstractProcessorLight.process(AbstractProcessorLight.java:63) ~[tomcat-embed-core-10.1.43.jar:10.1.43]
	at org.apache.coyote.AbstractProtocol$ConnectionHandler.process(AbstractProtocol.java:903) ~[tomcat-embed-core-10.1.43.jar:10.1.43]
	at org.apache.tomcat.util.net.NioEndpoint$SocketProcessor.doRun(NioEndpoint.java:1769) ~[tomcat-embed-core-10.1.43.jar:10.1.43]
	at org.apache.tomcat.util.net.SocketProcessorBase.run(SocketProcessorBase.java:52) ~[tomcat-embed-core-10.1.43.jar:10.1.43]
	at org.apache.tomcat.util.threads.ThreadPoolExecutor.runWorker(ThreadPoolExecutor.java:1189) ~[tomcat-embed-core-10.1.43.jar:10.1.43]
	at org.apache.tomcat.util.threads.ThreadPoolExecutor$Worker.run(ThreadPoolExecutor.java:658) ~[tomcat-embed-core-10.1.43.jar:10.1.43]
	at org.apache.tomcat.util.threads.TaskThread$WrappingRunnable.run(TaskThread.java:63) ~[tomcat-embed-core-10.1.43.jar:10.1.43]
	at java.base/java.lang.Thread.run(Thread.java:1575) ~[na:na]
Caused by: java.net.ConnectException: Connection timed out: connect
	at java.base/sun.nio.ch.Net.connect0(Native Method) ~[na:na]
	at java.base/sun.nio.ch.Net.connect(Net.java:589) ~[na:na]
	at java.base/sun.nio.ch.Net.connect(Net.java:578) ~[na:na]
	at java.base/sun.nio.ch.NioSocketImpl.connect(NioSocketImpl.java:583) ~[na:na]
	at java.base/java.net.Socket.connect(Socket.java:760) ~[na:na]
	at java.base/java.net.Socket.connect(Socket.java:695) ~[na:na]
	at java.base/sun.net.NetworkClient.doConnect(NetworkClient.java:183) ~[na:na]
	at java.base/sun.net.www.http.HttpClient.openServer(HttpClient.java:531) ~[na:na]
	at java.base/sun.net.www.http.HttpClient.openServer(HttpClient.java:636) ~[na:na]
	at java.base/sun.net.www.http.HttpClient.<init>(HttpClient.java:280) ~[na:na]
	at java.base/sun.net.www.http.HttpClient.New(HttpClient.java:386) ~[na:na]
	at java.base/sun.net.www.http.HttpClient.New(HttpClient.java:408) ~[na:na]
	at java.base/sun.net.www.protocol.http.HttpURLConnection.getNewHttpClient(HttpURLConnection.java:1310) ~[na:na]
	at java.base/sun.net.www.protocol.http.HttpURLConnection.plainConnect0(HttpURLConnection.java:1243) ~[na:na]
	at java.base/sun.net.www.protocol.http.HttpURLConnection.plainConnect(HttpURLConnection.java:1129) ~[na:na]
	at java.base/sun.net.www.protocol.http.HttpURLConnection.connect(HttpURLConnection.java:1058) ~[na:na]
	at java.base/sun.net.www.protocol.http.HttpURLConnection.getOutputStream0(HttpURLConnection.java:1460) ~[na:na]
	at java.base/sun.net.www.protocol.http.HttpURLConnection.getOutputStream(HttpURLConnection.java:1423) ~[na:na]
	at cn.hutool.http.HttpConnection.getOutputStream(HttpConnection.java:458) ~[hutool-all-5.8.26.jar:5.8.26]
	at cn.hutool.http.HttpRequest.sendFormUrlEncoded(HttpRequest.java:1367) ~[hutool-all-5.8.26.jar:5.8.26]
	at cn.hutool.http.HttpRequest.send(HttpRequest.java:1342) ~[hutool-all-5.8.26.jar:5.8.26]
	... 81 common frames omitted

2025-08-05T10:32:20.627+08:00 ERROR 24784 --- [pmpSDK] [http-nio-8080-exec-1] com.alibaba.druid.pool.DruidDataSource   : testWhileIdle is true, validationQuery not set
2025-08-05T10:32:20.634+08:00  INFO 24784 --- [pmpSDK] [http-nio-8080-exec-1] com.alibaba.druid.pool.DruidDataSource   : {dataSource-1} inited
2025-08-05T10:32:20.649+08:00  INFO 24784 --- [pmpSDK] [Druid-ConnectionPool-Create-1126814969] o.o.core.v3.ConnectionFactoryImpl        : [6142f303-40f3-4687-8de3-021be4e8134d] Try to connect. IP: 47.113.224.195:5432
2025-08-05T10:32:20.918+08:00  INFO 24784 --- [pmpSDK] [Druid-ConnectionPool-Create-1126814969] o.o.core.v3.ConnectionFactoryImpl        : [172.29.0.1:5345/47.113.224.195:5432] Connection is established. ID: 6142f303-40f3-4687-8de3-021be4e8134d
2025-08-05T10:32:21.426+08:00  INFO 24784 --- [pmpSDK] [Druid-ConnectionPool-Create-1126814969] o.o.core.v3.ConnectionFactoryImpl        : Connect complete. ID: 6142f303-40f3-4687-8de3-021be4e8134d
2025-08-05T10:32:43.368+08:00  INFO 24784 --- [pmpSDK] [SpringApplicationShutdownHook] o.s.b.w.e.tomcat.GracefulShutdown        : Commencing graceful shutdown. Waiting for active requests to complete
2025-08-05T10:32:43.372+08:00  INFO 24784 --- [pmpSDK] [tomcat-shutdown] o.s.b.w.e.tomcat.GracefulShutdown        : Graceful shutdown complete
2025-08-05T10:32:43.375+08:00  INFO 24784 --- [pmpSDK] [SpringApplicationShutdownHook] com.alibaba.druid.pool.DruidDataSource   : {dataSource-1} closing ...
2025-08-05T10:32:43.377+08:00  INFO 24784 --- [pmpSDK] [SpringApplicationShutdownHook] com.alibaba.druid.pool.DruidDataSource   : {dataSource-1} closed
2025-08-05T10:32:46.512+08:00  INFO 19412 --- [pmpSDK] [main] com.pmpsdk.PmpSdkApplication             : Starting PmpSdkApplication using Java 23.0.1 with PID 19412 (E:\桌面\sdk\QG-MonitorPlatform-SDK\pmpSDK\target\classes started by 17811 in E:\桌面\sdk\QG-MonitorPlatform-SDK\pmpSDK)
2025-08-05T10:32:46.514+08:00  INFO 19412 --- [pmpSDK] [main] com.pmpsdk.PmpSdkApplication             : No active profile set, falling back to 1 default profile: "default"
2025-08-05T10:32:46.960+08:00  INFO 19412 --- [pmpSDK] [main] .s.d.r.c.RepositoryConfigurationDelegate : Multiple Spring Data modules found, entering strict repository configuration mode
2025-08-05T10:32:46.961+08:00  INFO 19412 --- [pmpSDK] [main] .s.d.r.c.RepositoryConfigurationDelegate : Bootstrapping Spring Data Redis repositories in DEFAULT mode.
2025-08-05T10:32:46.979+08:00  INFO 19412 --- [pmpSDK] [main] .s.d.r.c.RepositoryConfigurationDelegate : Finished Spring Data repository scanning in 6 ms. Found 0 Redis repository interfaces.
2025-08-05T10:32:47.427+08:00  INFO 19412 --- [pmpSDK] [main] o.s.b.w.embedded.tomcat.TomcatWebServer  : Tomcat initialized with port 8080 (http)
2025-08-05T10:32:47.436+08:00  INFO 19412 --- [pmpSDK] [main] o.apache.catalina.core.StandardService   : Starting service [Tomcat]
2025-08-05T10:32:47.436+08:00  INFO 19412 --- [pmpSDK] [main] o.apache.catalina.core.StandardEngine    : Starting Servlet engine: [Apache Tomcat/10.1.43]
2025-08-05T10:32:47.468+08:00  INFO 19412 --- [pmpSDK] [main] o.a.c.c.C.[Tomcat].[localhost].[/]       : Initializing Spring embedded WebApplicationContext
2025-08-05T10:32:47.472+08:00  INFO 19412 --- [pmpSDK] [main] w.s.c.ServletWebServerApplicationContext : Root WebApplicationContext: initialization completed in 920 ms
2025-08-05T10:32:48.213+08:00  INFO 19412 --- [pmpSDK] [main] o.s.b.w.embedded.tomcat.TomcatWebServer  : Tomcat started on port 8080 (http) with context path '/'
2025-08-05T10:32:48.219+08:00  INFO 19412 --- [pmpSDK] [main] com.pmpsdk.PmpSdkApplication             : Started PmpSdkApplication in 2.004 seconds (process running for 2.349)
2025-08-05T10:32:53.166+08:00  INFO 19412 --- [pmpSDK] [http-nio-8080-exec-2] o.a.c.c.C.[Tomcat].[localhost].[/]       : Initializing Spring DispatcherServlet 'dispatcherServlet'
2025-08-05T10:32:53.166+08:00  INFO 19412 --- [pmpSDK] [http-nio-8080-exec-2] o.s.web.servlet.DispatcherServlet        : Initializing Servlet 'dispatcherServlet'
2025-08-05T10:32:53.167+08:00  INFO 19412 --- [pmpSDK] [http-nio-8080-exec-2] o.s.web.servlet.DispatcherServlet        : Completed initialization in 1 ms
2025-08-05T10:32:53.209+08:00 ERROR 19412 --- [pmpSDK] [http-nio-8080-exec-2] com.alibaba.druid.pool.DruidDataSource   : testWhileIdle is true, validationQuery not set
2025-08-05T10:32:53.215+08:00  INFO 19412 --- [pmpSDK] [http-nio-8080-exec-2] com.alibaba.druid.pool.DruidDataSource   : {dataSource-1} inited
2025-08-05T10:32:53.227+08:00  INFO 19412 --- [pmpSDK] [Druid-ConnectionPool-Create-125045830] o.o.core.v3.ConnectionFactoryImpl        : [f5cdfc51-f0ca-4dd5-8011-b8f9cd04b68b] Try to connect. IP: 47.113.224.195:5432
2025-08-05T10:32:53.472+08:00  INFO 19412 --- [pmpSDK] [Druid-ConnectionPool-Create-125045830] o.o.core.v3.ConnectionFactoryImpl        : [172.29.0.1:5360/47.113.224.195:5432] Connection is established. ID: f5cdfc51-f0ca-4dd5-8011-b8f9cd04b68b
2025-08-05T10:32:53.862+08:00  INFO 19412 --- [pmpSDK] [Druid-ConnectionPool-Create-125045830] o.o.core.v3.ConnectionFactoryImpl        : Connect complete. ID: f5cdfc51-f0ca-4dd5-8011-b8f9cd04b68b
2025-08-05T10:35:02.179+08:00  INFO 19412 --- [pmpSDK] [SpringApplicationShutdownHook] o.s.b.w.e.tomcat.GracefulShutdown        : Commencing graceful shutdown. Waiting for active requests to complete
2025-08-05T10:35:02.184+08:00  INFO 19412 --- [pmpSDK] [tomcat-shutdown] o.s.b.w.e.tomcat.GracefulShutdown        : Graceful shutdown complete
2025-08-05T10:35:02.186+08:00  INFO 19412 --- [pmpSDK] [SpringApplicationShutdownHook] com.alibaba.druid.pool.DruidDataSource   : {dataSource-1} closing ...
2025-08-05T10:35:02.188+08:00  INFO 19412 --- [pmpSDK] [SpringApplicationShutdownHook] com.alibaba.druid.pool.DruidDataSource   : {dataSource-1} closed
2025-08-05T10:35:05.571+08:00  INFO 26196 --- [pmpSDK] [main] com.pmpsdk.PmpSdkApplication             : Starting PmpSdkApplication using Java 23.0.1 with PID 26196 (E:\桌面\sdk\QG-MonitorPlatform-SDK\pmpSDK\target\classes started by 17811 in E:\桌面\sdk\QG-MonitorPlatform-SDK\pmpSDK)
2025-08-05T10:35:05.572+08:00  INFO 26196 --- [pmpSDK] [main] com.pmpsdk.PmpSdkApplication             : No active profile set, falling back to 1 default profile: "default"
2025-08-05T10:35:06.008+08:00  INFO 26196 --- [pmpSDK] [main] .s.d.r.c.RepositoryConfigurationDelegate : Multiple Spring Data modules found, entering strict repository configuration mode
2025-08-05T10:35:06.009+08:00  INFO 26196 --- [pmpSDK] [main] .s.d.r.c.RepositoryConfigurationDelegate : Bootstrapping Spring Data Redis repositories in DEFAULT mode.
2025-08-05T10:35:06.026+08:00  INFO 26196 --- [pmpSDK] [main] .s.d.r.c.RepositoryConfigurationDelegate : Finished Spring Data repository scanning in 6 ms. Found 0 Redis repository interfaces.
2025-08-05T10:35:06.457+08:00  INFO 26196 --- [pmpSDK] [main] o.s.b.w.embedded.tomcat.TomcatWebServer  : Tomcat initialized with port 8080 (http)
2025-08-05T10:35:06.465+08:00  INFO 26196 --- [pmpSDK] [main] o.apache.catalina.core.StandardService   : Starting service [Tomcat]
2025-08-05T10:35:06.465+08:00  INFO 26196 --- [pmpSDK] [main] o.apache.catalina.core.StandardEngine    : Starting Servlet engine: [Apache Tomcat/10.1.43]
2025-08-05T10:35:06.491+08:00  INFO 26196 --- [pmpSDK] [main] o.a.c.c.C.[Tomcat].[localhost].[/]       : Initializing Spring embedded WebApplicationContext
2025-08-05T10:35:06.491+08:00  INFO 26196 --- [pmpSDK] [main] w.s.c.ServletWebServerApplicationContext : Root WebApplicationContext: initialization completed in 884 ms
2025-08-05T10:35:07.228+08:00  INFO 26196 --- [pmpSDK] [main] o.s.b.w.embedded.tomcat.TomcatWebServer  : Tomcat started on port 8080 (http) with context path '/'
2025-08-05T10:35:07.234+08:00  INFO 26196 --- [pmpSDK] [main] com.pmpsdk.PmpSdkApplication             : Started PmpSdkApplication in 1.97 seconds (process running for 2.331)
2025-08-05T10:35:10.564+08:00  INFO 26196 --- [pmpSDK] [http-nio-8080-exec-2] o.a.c.c.C.[Tomcat].[localhost].[/]       : Initializing Spring DispatcherServlet 'dispatcherServlet'
2025-08-05T10:35:10.565+08:00  INFO 26196 --- [pmpSDK] [http-nio-8080-exec-2] o.s.web.servlet.DispatcherServlet        : Initializing Servlet 'dispatcherServlet'
2025-08-05T10:35:10.565+08:00  INFO 26196 --- [pmpSDK] [http-nio-8080-exec-2] o.s.web.servlet.DispatcherServlet        : Completed initialization in 0 ms
2025-08-05T10:35:10.606+08:00 ERROR 26196 --- [pmpSDK] [http-nio-8080-exec-2] com.alibaba.druid.pool.DruidDataSource   : testWhileIdle is true, validationQuery not set
2025-08-05T10:35:10.618+08:00  INFO 26196 --- [pmpSDK] [http-nio-8080-exec-2] com.alibaba.druid.pool.DruidDataSource   : {dataSource-1} inited
2025-08-05T10:35:10.628+08:00  INFO 26196 --- [pmpSDK] [Druid-ConnectionPool-Create-983642209] o.o.core.v3.ConnectionFactoryImpl        : [17263c20-5332-4e66-a41e-0a1e7eb7a4c5] Try to connect. IP: 47.113.224.195:5432
2025-08-05T10:35:10.877+08:00  INFO 26196 --- [pmpSDK] [Druid-ConnectionPool-Create-983642209] o.o.core.v3.ConnectionFactoryImpl        : [172.29.0.1:5383/47.113.224.195:5432] Connection is established. ID: 17263c20-5332-4e66-a41e-0a1e7eb7a4c5
2025-08-05T10:35:11.265+08:00  INFO 26196 --- [pmpSDK] [Druid-ConnectionPool-Create-983642209] o.o.core.v3.ConnectionFactoryImpl        : Connect complete. ID: 17263c20-5332-4e66-a41e-0a1e7eb7a4c5
2025-08-05T10:36:51.120+08:00  INFO 26196 --- [pmpSDK] [SpringApplicationShutdownHook] o.s.b.w.e.tomcat.GracefulShutdown        : Commencing graceful shutdown. Waiting for active requests to complete
2025-08-05T10:36:51.125+08:00  INFO 26196 --- [pmpSDK] [tomcat-shutdown] o.s.b.w.e.tomcat.GracefulShutdown        : Graceful shutdown complete
2025-08-05T10:36:51.129+08:00  INFO 26196 --- [pmpSDK] [SpringApplicationShutdownHook] com.alibaba.druid.pool.DruidDataSource   : {dataSource-1} closing ...
2025-08-05T10:36:51.130+08:00  INFO 26196 --- [pmpSDK] [SpringApplicationShutdownHook] com.alibaba.druid.pool.DruidDataSource   : {dataSource-1} closed
2025-08-05T10:36:53.305+08:00  INFO 26352 --- [pmpSDK] [main] com.pmpsdk.PmpSdkApplication             : Starting PmpSdkApplication using Java 23.0.1 with PID 26352 (E:\桌面\sdk\QG-MonitorPlatform-SDK\pmpSDK\target\classes started by 17811 in E:\桌面\sdk\QG-MonitorPlatform-SDK\pmpSDK)
2025-08-05T10:36:53.306+08:00  INFO 26352 --- [pmpSDK] [main] com.pmpsdk.PmpSdkApplication             : No active profile set, falling back to 1 default profile: "default"
2025-08-05T10:36:53.732+08:00  INFO 26352 --- [pmpSDK] [main] .s.d.r.c.RepositoryConfigurationDelegate : Multiple Spring Data modules found, entering strict repository configuration mode
2025-08-05T10:36:53.734+08:00  INFO 26352 --- [pmpSDK] [main] .s.d.r.c.RepositoryConfigurationDelegate : Bootstrapping Spring Data Redis repositories in DEFAULT mode.
2025-08-05T10:36:53.751+08:00  INFO 26352 --- [pmpSDK] [main] .s.d.r.c.RepositoryConfigurationDelegate : Finished Spring Data repository scanning in 6 ms. Found 0 Redis repository interfaces.
2025-08-05T10:36:54.173+08:00  INFO 26352 --- [pmpSDK] [main] o.s.b.w.embedded.tomcat.TomcatWebServer  : Tomcat initialized with port 8080 (http)
2025-08-05T10:36:54.182+08:00  INFO 26352 --- [pmpSDK] [main] o.apache.catalina.core.StandardService   : Starting service [Tomcat]
2025-08-05T10:36:54.183+08:00  INFO 26352 --- [pmpSDK] [main] o.apache.catalina.core.StandardEngine    : Starting Servlet engine: [Apache Tomcat/10.1.43]
2025-08-05T10:36:54.217+08:00  INFO 26352 --- [pmpSDK] [main] o.a.c.c.C.[Tomcat].[localhost].[/]       : Initializing Spring embedded WebApplicationContext
2025-08-05T10:36:54.218+08:00  INFO 26352 --- [pmpSDK] [main] w.s.c.ServletWebServerApplicationContext : Root WebApplicationContext: initialization completed in 876 ms
2025-08-05T10:36:54.951+08:00  INFO 26352 --- [pmpSDK] [main] o.s.b.w.embedded.tomcat.TomcatWebServer  : Tomcat started on port 8080 (http) with context path '/'
2025-08-05T10:36:54.957+08:00  INFO 26352 --- [pmpSDK] [main] com.pmpsdk.PmpSdkApplication             : Started PmpSdkApplication in 1.953 seconds (process running for 2.31)
2025-08-05T10:36:58.609+08:00  INFO 26352 --- [pmpSDK] [http-nio-8080-exec-2] o.a.c.c.C.[Tomcat].[localhost].[/]       : Initializing Spring DispatcherServlet 'dispatcherServlet'
2025-08-05T10:36:58.609+08:00  INFO 26352 --- [pmpSDK] [http-nio-8080-exec-2] o.s.web.servlet.DispatcherServlet        : Initializing Servlet 'dispatcherServlet'
2025-08-05T10:36:58.610+08:00  INFO 26352 --- [pmpSDK] [http-nio-8080-exec-2] o.s.web.servlet.DispatcherServlet        : Completed initialization in 1 ms
2025-08-05T10:36:58.654+08:00 ERROR 26352 --- [pmpSDK] [http-nio-8080-exec-2] com.alibaba.druid.pool.DruidDataSource   : testWhileIdle is true, validationQuery not set
2025-08-05T10:36:58.661+08:00  INFO 26352 --- [pmpSDK] [http-nio-8080-exec-2] com.alibaba.druid.pool.DruidDataSource   : {dataSource-1} inited
2025-08-05T10:36:58.672+08:00  INFO 26352 --- [pmpSDK] [Druid-ConnectionPool-Create-868714445] o.o.core.v3.ConnectionFactoryImpl        : [817ff78e-fcad-49d2-8d65-5afc28df9c5e] Try to connect. IP: 47.113.224.195:5432
2025-08-05T10:36:58.922+08:00  INFO 26352 --- [pmpSDK] [Druid-ConnectionPool-Create-868714445] o.o.core.v3.ConnectionFactoryImpl        : [172.29.0.1:5407/47.113.224.195:5432] Connection is established. ID: 817ff78e-fcad-49d2-8d65-5afc28df9c5e
2025-08-05T10:36:59.315+08:00  INFO 26352 --- [pmpSDK] [Druid-ConnectionPool-Create-868714445] o.o.core.v3.ConnectionFactoryImpl        : Connect complete. ID: 817ff78e-fcad-49d2-8d65-5afc28df9c5e
2025-08-05T10:49:36.721+08:00  INFO 26352 --- [pmpSDK] [SpringApplicationShutdownHook] o.s.b.w.e.tomcat.GracefulShutdown        : Commencing graceful shutdown. Waiting for active requests to complete
2025-08-05T10:49:36.727+08:00  INFO 26352 --- [pmpSDK] [tomcat-shutdown] o.s.b.w.e.tomcat.GracefulShutdown        : Graceful shutdown complete
2025-08-05T10:49:36.730+08:00  INFO 26352 --- [pmpSDK] [SpringApplicationShutdownHook] com.alibaba.druid.pool.DruidDataSource   : {dataSource-1} closing ...
2025-08-05T10:49:36.731+08:00  INFO 26352 --- [pmpSDK] [SpringApplicationShutdownHook] com.alibaba.druid.pool.DruidDataSource   : {dataSource-1} closed
2025-08-05T10:49:40.000+08:00  INFO 26168 --- [pmpSDK] [main] com.pmpsdk.PmpSdkApplication             : Starting PmpSdkApplication using Java 23.0.1 with PID 26168 (E:\桌面\sdk\QG-MonitorPlatform-SDK\pmpSDK\target\classes started by 17811 in E:\桌面\sdk\QG-MonitorPlatform-SDK\pmpSDK)
2025-08-05T10:49:40.001+08:00  INFO 26168 --- [pmpSDK] [main] com.pmpsdk.PmpSdkApplication             : No active profile set, falling back to 1 default profile: "default"
2025-08-05T10:49:40.438+08:00  INFO 26168 --- [pmpSDK] [main] .s.d.r.c.RepositoryConfigurationDelegate : Multiple Spring Data modules found, entering strict repository configuration mode
2025-08-05T10:49:40.440+08:00  INFO 26168 --- [pmpSDK] [main] .s.d.r.c.RepositoryConfigurationDelegate : Bootstrapping Spring Data Redis repositories in DEFAULT mode.
2025-08-05T10:49:40.457+08:00  INFO 26168 --- [pmpSDK] [main] .s.d.r.c.RepositoryConfigurationDelegate : Finished Spring Data repository scanning in 5 ms. Found 0 Redis repository interfaces.
2025-08-05T10:49:40.883+08:00  INFO 26168 --- [pmpSDK] [main] o.s.b.w.embedded.tomcat.TomcatWebServer  : Tomcat initialized with port 8080 (http)
2025-08-05T10:49:40.891+08:00  INFO 26168 --- [pmpSDK] [main] o.apache.catalina.core.StandardService   : Starting service [Tomcat]
2025-08-05T10:49:40.892+08:00  INFO 26168 --- [pmpSDK] [main] o.apache.catalina.core.StandardEngine    : Starting Servlet engine: [Apache Tomcat/10.1.43]
2025-08-05T10:49:40.920+08:00  INFO 26168 --- [pmpSDK] [main] o.a.c.c.C.[Tomcat].[localhost].[/]       : Initializing Spring embedded WebApplicationContext
2025-08-05T10:49:40.920+08:00  INFO 26168 --- [pmpSDK] [main] w.s.c.ServletWebServerApplicationContext : Root WebApplicationContext: initialization completed in 880 ms
2025-08-05T10:49:41.655+08:00  INFO 26168 --- [pmpSDK] [main] o.s.b.w.embedded.tomcat.TomcatWebServer  : Tomcat started on port 8080 (http) with context path '/'
2025-08-05T10:49:41.660+08:00  INFO 26168 --- [pmpSDK] [main] com.pmpsdk.PmpSdkApplication             : Started PmpSdkApplication in 1.977 seconds (process running for 2.364)
2025-08-05T10:49:43.809+08:00  INFO 26168 --- [pmpSDK] [http-nio-8080-exec-2] o.a.c.c.C.[Tomcat].[localhost].[/]       : Initializing Spring DispatcherServlet 'dispatcherServlet'
2025-08-05T10:49:43.809+08:00  INFO 26168 --- [pmpSDK] [http-nio-8080-exec-2] o.s.web.servlet.DispatcherServlet        : Initializing Servlet 'dispatcherServlet'
2025-08-05T10:49:43.810+08:00  INFO 26168 --- [pmpSDK] [http-nio-8080-exec-2] o.s.web.servlet.DispatcherServlet        : Completed initialization in 1 ms
2025-08-05T10:49:43.850+08:00 ERROR 26168 --- [pmpSDK] [http-nio-8080-exec-2] com.alibaba.druid.pool.DruidDataSource   : testWhileIdle is true, validationQuery not set
2025-08-05T10:49:43.856+08:00  INFO 26168 --- [pmpSDK] [http-nio-8080-exec-2] com.alibaba.druid.pool.DruidDataSource   : {dataSource-1} inited
2025-08-05T10:49:43.866+08:00  INFO 26168 --- [pmpSDK] [Druid-ConnectionPool-Create-1215582318] o.o.core.v3.ConnectionFactoryImpl        : [56a5b820-b898-4de0-bc00-8b305c095f0b] Try to connect. IP: 47.113.224.195:5432
2025-08-05T10:49:44.111+08:00  INFO 26168 --- [pmpSDK] [Druid-ConnectionPool-Create-1215582318] o.o.core.v3.ConnectionFactoryImpl        : [172.29.0.1:5545/47.113.224.195:5432] Connection is established. ID: 56a5b820-b898-4de0-bc00-8b305c095f0b
2025-08-05T10:49:44.536+08:00  INFO 26168 --- [pmpSDK] [Druid-ConnectionPool-Create-1215582318] o.o.core.v3.ConnectionFactoryImpl        : Connect complete. ID: 56a5b820-b898-4de0-bc00-8b305c095f0b
2025-08-05T10:50:31.366+08:00  INFO 26168 --- [pmpSDK] [SpringApplicationShutdownHook] o.s.b.w.e.tomcat.GracefulShutdown        : Commencing graceful shutdown. Waiting for active requests to complete
2025-08-05T10:50:31.371+08:00  INFO 26168 --- [pmpSDK] [tomcat-shutdown] o.s.b.w.e.tomcat.GracefulShutdown        : Graceful shutdown complete
2025-08-05T10:50:31.373+08:00  INFO 26168 --- [pmpSDK] [SpringApplicationShutdownHook] com.alibaba.druid.pool.DruidDataSource   : {dataSource-1} closing ...
2025-08-05T10:50:31.375+08:00  INFO 26168 --- [pmpSDK] [SpringApplicationShutdownHook] com.alibaba.druid.pool.DruidDataSource   : {dataSource-1} closed
2025-08-05T10:50:35.090+08:00  INFO 29708 --- [pmpSDK] [main] com.pmpsdk.PmpSdkApplication             : Starting PmpSdkApplication using Java 23.0.1 with PID 29708 (E:\桌面\sdk\QG-MonitorPlatform-SDK\pmpSDK\target\classes started by 17811 in E:\桌面\sdk\QG-MonitorPlatform-SDK\pmpSDK)
2025-08-05T10:50:35.091+08:00  INFO 29708 --- [pmpSDK] [main] com.pmpsdk.PmpSdkApplication             : No active profile set, falling back to 1 default profile: "default"
2025-08-05T10:50:35.519+08:00  INFO 29708 --- [pmpSDK] [main] .s.d.r.c.RepositoryConfigurationDelegate : Multiple Spring Data modules found, entering strict repository configuration mode
2025-08-05T10:50:35.521+08:00  INFO 29708 --- [pmpSDK] [main] .s.d.r.c.RepositoryConfigurationDelegate : Bootstrapping Spring Data Redis repositories in DEFAULT mode.
2025-08-05T10:50:35.538+08:00  INFO 29708 --- [pmpSDK] [main] .s.d.r.c.RepositoryConfigurationDelegate : Finished Spring Data repository scanning in 6 ms. Found 0 Redis repository interfaces.
2025-08-05T10:50:35.966+08:00  INFO 29708 --- [pmpSDK] [main] o.s.b.w.embedded.tomcat.TomcatWebServer  : Tomcat initialized with port 8080 (http)
2025-08-05T10:50:35.975+08:00  INFO 29708 --- [pmpSDK] [main] o.apache.catalina.core.StandardService   : Starting service [Tomcat]
2025-08-05T10:50:35.976+08:00  INFO 29708 --- [pmpSDK] [main] o.apache.catalina.core.StandardEngine    : Starting Servlet engine: [Apache Tomcat/10.1.43]
2025-08-05T10:50:36.010+08:00  INFO 29708 --- [pmpSDK] [main] o.a.c.c.C.[Tomcat].[localhost].[/]       : Initializing Spring embedded WebApplicationContext
2025-08-05T10:50:36.011+08:00  INFO 29708 --- [pmpSDK] [main] w.s.c.ServletWebServerApplicationContext : Root WebApplicationContext: initialization completed in 885 ms
2025-08-05T10:50:36.756+08:00  INFO 29708 --- [pmpSDK] [main] o.s.b.w.embedded.tomcat.TomcatWebServer  : Tomcat started on port 8080 (http) with context path '/'
2025-08-05T10:50:36.761+08:00  INFO 29708 --- [pmpSDK] [main] com.pmpsdk.PmpSdkApplication             : Started PmpSdkApplication in 1.97 seconds (process running for 2.331)
2025-08-05T10:50:39.808+08:00  INFO 29708 --- [pmpSDK] [http-nio-8080-exec-2] o.a.c.c.C.[Tomcat].[localhost].[/]       : Initializing Spring DispatcherServlet 'dispatcherServlet'
2025-08-05T10:50:39.809+08:00  INFO 29708 --- [pmpSDK] [http-nio-8080-exec-2] o.s.web.servlet.DispatcherServlet        : Initializing Servlet 'dispatcherServlet'
2025-08-05T10:50:39.810+08:00  INFO 29708 --- [pmpSDK] [http-nio-8080-exec-2] o.s.web.servlet.DispatcherServlet        : Completed initialization in 1 ms
2025-08-05T10:50:39.851+08:00 ERROR 29708 --- [pmpSDK] [http-nio-8080-exec-2] com.alibaba.druid.pool.DruidDataSource   : testWhileIdle is true, validationQuery not set
2025-08-05T10:50:39.857+08:00  INFO 29708 --- [pmpSDK] [http-nio-8080-exec-2] com.alibaba.druid.pool.DruidDataSource   : {dataSource-1} inited
2025-08-05T10:50:39.870+08:00  INFO 29708 --- [pmpSDK] [Druid-ConnectionPool-Create-1895437674] o.o.core.v3.ConnectionFactoryImpl        : [c3fe55c5-5fae-434e-badb-6ed493cd4a99] Try to connect. IP: 47.113.224.195:5432
2025-08-05T10:50:40.126+08:00  INFO 29708 --- [pmpSDK] [Druid-ConnectionPool-Create-1895437674] o.o.core.v3.ConnectionFactoryImpl        : [172.29.0.1:5562/47.113.224.195:5432] Connection is established. ID: c3fe55c5-5fae-434e-badb-6ed493cd4a99
2025-08-05T10:50:40.531+08:00  INFO 29708 --- [pmpSDK] [Druid-ConnectionPool-Create-1895437674] o.o.core.v3.ConnectionFactoryImpl        : Connect complete. ID: c3fe55c5-5fae-434e-badb-6ed493cd4a99
2025-08-05T10:50:51.666+08:00  INFO 29708 --- [pmpSDK] [SpringApplicationShutdownHook] o.s.b.w.e.tomcat.GracefulShutdown        : Commencing graceful shutdown. Waiting for active requests to complete
2025-08-05T10:50:51.670+08:00  INFO 29708 --- [pmpSDK] [tomcat-shutdown] o.s.b.w.e.tomcat.GracefulShutdown        : Graceful shutdown complete
2025-08-05T10:50:51.672+08:00  INFO 29708 --- [pmpSDK] [SpringApplicationShutdownHook] com.alibaba.druid.pool.DruidDataSource   : {dataSource-1} closing ...
2025-08-05T10:50:51.674+08:00  INFO 29708 --- [pmpSDK] [SpringApplicationShutdownHook] com.alibaba.druid.pool.DruidDataSource   : {dataSource-1} closed
2025-08-05T11:07:38.407+08:00  INFO 14484 --- [pmpSDK] [main] com.pmpsdk.PmpSdkApplication             : Starting PmpSdkApplication using Java 23.0.1 with PID 14484 (E:\桌面\sdk\QG-MonitorPlatform-SDK\pmpSDK\target\classes started by 17811 in E:\桌面\sdk\QG-MonitorPlatform-SDK\pmpSDK)
2025-08-05T11:07:38.409+08:00  INFO 14484 --- [pmpSDK] [main] com.pmpsdk.PmpSdkApplication             : No active profile set, falling back to 1 default profile: "default"
2025-08-05T11:07:38.856+08:00  INFO 14484 --- [pmpSDK] [main] .s.d.r.c.RepositoryConfigurationDelegate : Multiple Spring Data modules found, entering strict repository configuration mode
2025-08-05T11:07:38.858+08:00  INFO 14484 --- [pmpSDK] [main] .s.d.r.c.RepositoryConfigurationDelegate : Bootstrapping Spring Data Redis repositories in DEFAULT mode.
2025-08-05T11:07:38.875+08:00  INFO 14484 --- [pmpSDK] [main] .s.d.r.c.RepositoryConfigurationDelegate : Finished Spring Data repository scanning in 6 ms. Found 0 Redis repository interfaces.
2025-08-05T11:07:39.328+08:00  INFO 14484 --- [pmpSDK] [main] o.s.b.w.embedded.tomcat.TomcatWebServer  : Tomcat initialized with port 8080 (http)
2025-08-05T11:07:39.338+08:00  INFO 14484 --- [pmpSDK] [main] o.apache.catalina.core.StandardService   : Starting service [Tomcat]
2025-08-05T11:07:39.339+08:00  INFO 14484 --- [pmpSDK] [main] o.apache.catalina.core.StandardEngine    : Starting Servlet engine: [Apache Tomcat/10.1.43]
2025-08-05T11:07:39.366+08:00  INFO 14484 --- [pmpSDK] [main] o.a.c.c.C.[Tomcat].[localhost].[/]       : Initializing Spring embedded WebApplicationContext
2025-08-05T11:07:39.366+08:00  INFO 14484 --- [pmpSDK] [main] w.s.c.ServletWebServerApplicationContext : Root WebApplicationContext: initialization completed in 923 ms
2025-08-05T11:07:40.116+08:00  INFO 14484 --- [pmpSDK] [main] o.s.b.w.embedded.tomcat.TomcatWebServer  : Tomcat started on port 8080 (http) with context path '/'
2025-08-05T11:07:40.122+08:00  INFO 14484 --- [pmpSDK] [main] com.pmpsdk.PmpSdkApplication             : Started PmpSdkApplication in 2.022 seconds (process running for 2.381)
2025-08-05T11:07:42.150+08:00  INFO 14484 --- [pmpSDK] [http-nio-8080-exec-2] o.a.c.c.C.[Tomcat].[localhost].[/]       : Initializing Spring DispatcherServlet 'dispatcherServlet'
2025-08-05T11:07:42.150+08:00  INFO 14484 --- [pmpSDK] [http-nio-8080-exec-2] o.s.web.servlet.DispatcherServlet        : Initializing Servlet 'dispatcherServlet'
2025-08-05T11:07:42.151+08:00  INFO 14484 --- [pmpSDK] [http-nio-8080-exec-2] o.s.web.servlet.DispatcherServlet        : Completed initialization in 1 ms
2025-08-05T11:07:42.177+08:00  INFO 14484 --- [pmpSDK] [http-nio-8080-exec-2] com.pmpsdk.log.LogUtils                  : Fetching user with ID: 1
2025-08-05T11:08:03.271+08:00 ERROR 14484 --- [pmpSDK] [http-nio-8080-exec-2] com.pmpsdk.log.LogUtils                  : 日志上报异常

cn.hutool.core.io.IORuntimeException: ConnectException: Connection timed out: connect
	at cn.hutool.http.HttpRequest.send(HttpRequest.java:1350) ~[hutool-all-5.8.26.jar:5.8.26]
	at cn.hutool.http.HttpRequest.doExecute(HttpRequest.java:1188) ~[hutool-all-5.8.26.jar:5.8.26]
	at cn.hutool.http.HttpRequest.execute(HttpRequest.java:1051) ~[hutool-all-5.8.26.jar:5.8.26]
	at cn.hutool.http.HttpRequest.execute(HttpRequest.java:1027) ~[hutool-all-5.8.26.jar:5.8.26]
	at cn.hutool.http.HttpUtil.post(HttpUtil.java:229) ~[hutool-all-5.8.26.jar:5.8.26]
	at cn.hutool.http.HttpUtil.post(HttpUtil.java:210) ~[hutool-all-5.8.26.jar:5.8.26]
	at com.pmpsdk.log.LogUtils.sendToServer(LogUtils.java:76) ~[classes/:na]
	at com.pmpsdk.log.LogUtils.info(LogUtils.java:46) ~[classes/:na]
	at com.pmpsdk.controller.UserController.getUser(UserController.java:35) ~[classes/:na]
	at java.base/jdk.internal.reflect.DirectMethodHandleAccessor.invoke(DirectMethodHandleAccessor.java:103) ~[na:na]
	at java.base/java.lang.reflect.Method.invoke(Method.java:580) ~[na:na]
	at org.springframework.aop.support.AopUtils.invokeJoinpointUsingReflection(AopUtils.java:360) ~[spring-aop-6.2.9.jar:6.2.9]
	at org.springframework.aop.framework.ReflectiveMethodInvocation.invokeJoinpoint(ReflectiveMethodInvocation.java:196) ~[spring-aop-6.2.9.jar:6.2.9]
	at org.springframework.aop.framework.ReflectiveMethodInvocation.proceed(ReflectiveMethodInvocation.java:163) ~[spring-aop-6.2.9.jar:6.2.9]
	at org.springframework.aop.aspectj.MethodInvocationProceedingJoinPoint.proceed(MethodInvocationProceedingJoinPoint.java:89) ~[spring-aop-6.2.9.jar:6.2.9]
	at com.pmpsdk.aspect.RequestMonitorAspect.monitorRestController(RequestMonitorAspect.java:37) ~[classes/:na]
	at java.base/jdk.internal.reflect.DirectMethodHandleAccessor.invoke(DirectMethodHandleAccessor.java:103) ~[na:na]
	at java.base/java.lang.reflect.Method.invoke(Method.java:580) ~[na:na]
	at org.springframework.aop.aspectj.AbstractAspectJAdvice.invokeAdviceMethodWithGivenArgs(AbstractAspectJAdvice.java:649) ~[spring-aop-6.2.9.jar:6.2.9]
	at org.springframework.aop.aspectj.AbstractAspectJAdvice.invokeAdviceMethod(AbstractAspectJAdvice.java:631) ~[spring-aop-6.2.9.jar:6.2.9]
	at org.springframework.aop.aspectj.AspectJAroundAdvice.invoke(AspectJAroundAdvice.java:71) ~[spring-aop-6.2.9.jar:6.2.9]
	at org.springframework.aop.framework.ReflectiveMethodInvocation.proceed(ReflectiveMethodInvocation.java:173) ~[spring-aop-6.2.9.jar:6.2.9]
	at org.springframework.aop.aspectj.MethodInvocationProceedingJoinPoint.proceed(MethodInvocationProceedingJoinPoint.java:89) ~[spring-aop-6.2.9.jar:6.2.9]
	at com.pmpsdk.aspect.RequestMonitorAspect.monitorRequest(RequestMonitorAspect.java:23) ~[classes/:na]
	at java.base/jdk.internal.reflect.DirectMethodHandleAccessor.invoke(DirectMethodHandleAccessor.java:103) ~[na:na]
	at java.base/java.lang.reflect.Method.invoke(Method.java:580) ~[na:na]
	at org.springframework.aop.aspectj.AbstractAspectJAdvice.invokeAdviceMethodWithGivenArgs(AbstractAspectJAdvice.java:649) ~[spring-aop-6.2.9.jar:6.2.9]
	at org.springframework.aop.aspectj.AbstractAspectJAdvice.invokeAdviceMethod(AbstractAspectJAdvice.java:631) ~[spring-aop-6.2.9.jar:6.2.9]
	at org.springframework.aop.aspectj.AspectJAroundAdvice.invoke(AspectJAroundAdvice.java:71) ~[spring-aop-6.2.9.jar:6.2.9]
	at org.springframework.aop.framework.ReflectiveMethodInvocation.proceed(ReflectiveMethodInvocation.java:173) ~[spring-aop-6.2.9.jar:6.2.9]
	at org.springframework.aop.interceptor.ExposeInvocationInterceptor.invoke(ExposeInvocationInterceptor.java:97) ~[spring-aop-6.2.9.jar:6.2.9]
	at org.springframework.aop.framework.ReflectiveMethodInvocation.proceed(ReflectiveMethodInvocation.java:184) ~[spring-aop-6.2.9.jar:6.2.9]
	at org.springframework.aop.framework.CglibAopProxy$DynamicAdvisedInterceptor.intercept(CglibAopProxy.java:728) ~[spring-aop-6.2.9.jar:6.2.9]
	at com.pmpsdk.controller.UserController$$SpringCGLIB$$0.getUser(<generated>) ~[classes/:na]
	at java.base/jdk.internal.reflect.DirectMethodHandleAccessor.invoke(DirectMethodHandleAccessor.java:103) ~[na:na]
	at java.base/java.lang.reflect.Method.invoke(Method.java:580) ~[na:na]
	at org.springframework.web.method.support.InvocableHandlerMethod.doInvoke(InvocableHandlerMethod.java:258) ~[spring-web-6.2.9.jar:6.2.9]
	at org.springframework.web.method.support.InvocableHandlerMethod.invokeForRequest(InvocableHandlerMethod.java:191) ~[spring-web-6.2.9.jar:6.2.9]
	at org.springframework.web.servlet.mvc.method.annotation.ServletInvocableHandlerMethod.invokeAndHandle(ServletInvocableHandlerMethod.java:118) ~[spring-webmvc-6.2.9.jar:6.2.9]
	at org.springframework.web.servlet.mvc.method.annotation.RequestMappingHandlerAdapter.invokeHandlerMethod(RequestMappingHandlerAdapter.java:991) ~[spring-webmvc-6.2.9.jar:6.2.9]
	at org.springframework.web.servlet.mvc.method.annotation.RequestMappingHandlerAdapter.handleInternal(RequestMappingHandlerAdapter.java:896) ~[spring-webmvc-6.2.9.jar:6.2.9]
	at org.springframework.web.servlet.mvc.method.AbstractHandlerMethodAdapter.handle(AbstractHandlerMethodAdapter.java:87) ~[spring-webmvc-6.2.9.jar:6.2.9]
	at org.springframework.web.servlet.DispatcherServlet.doDispatch(DispatcherServlet.java:1089) ~[spring-webmvc-6.2.9.jar:6.2.9]
	at org.springframework.web.servlet.DispatcherServlet.doService(DispatcherServlet.java:979) ~[spring-webmvc-6.2.9.jar:6.2.9]
	at org.springframework.web.servlet.FrameworkServlet.processRequest(FrameworkServlet.java:1014) ~[spring-webmvc-6.2.9.jar:6.2.9]
	at org.springframework.web.servlet.FrameworkServlet.doGet(FrameworkServlet.java:903) ~[spring-webmvc-6.2.9.jar:6.2.9]
	at jakarta.servlet.http.HttpServlet.service(HttpServlet.java:564) ~[tomcat-embed-core-10.1.43.jar:6.0]
	at org.springframework.web.servlet.FrameworkServlet.service(FrameworkServlet.java:885) ~[spring-webmvc-6.2.9.jar:6.2.9]
	at jakarta.servlet.http.HttpServlet.service(HttpServlet.java:658) ~[tomcat-embed-core-10.1.43.jar:6.0]
	at org.apache.catalina.core.ApplicationFilterChain.internalDoFilter(ApplicationFilterChain.java:195) ~[tomcat-embed-core-10.1.43.jar:10.1.43]
	at org.apache.catalina.core.ApplicationFilterChain.doFilter(ApplicationFilterChain.java:140) ~[tomcat-embed-core-10.1.43.jar:10.1.43]
	at org.apache.tomcat.websocket.server.WsFilter.doFilter(WsFilter.java:51) ~[tomcat-embed-websocket-10.1.43.jar:10.1.43]
	at org.apache.catalina.core.ApplicationFilterChain.internalDoFilter(ApplicationFilterChain.java:164) ~[tomcat-embed-core-10.1.43.jar:10.1.43]
	at org.apache.catalina.core.ApplicationFilterChain.doFilter(ApplicationFilterChain.java:140) ~[tomcat-embed-core-10.1.43.jar:10.1.43]
	at org.springframework.web.filter.RequestContextFilter.doFilterInternal(RequestContextFilter.java:100) ~[spring-web-6.2.9.jar:6.2.9]
	at org.springframework.web.filter.OncePerRequestFilter.doFilter(OncePerRequestFilter.java:116) ~[spring-web-6.2.9.jar:6.2.9]
	at org.apache.catalina.core.ApplicationFilterChain.internalDoFilter(ApplicationFilterChain.java:164) ~[tomcat-embed-core-10.1.43.jar:10.1.43]
	at org.apache.catalina.core.ApplicationFilterChain.doFilter(ApplicationFilterChain.java:140) ~[tomcat-embed-core-10.1.43.jar:10.1.43]
	at org.springframework.web.filter.FormContentFilter.doFilterInternal(FormContentFilter.java:93) ~[spring-web-6.2.9.jar:6.2.9]
	at org.springframework.web.filter.OncePerRequestFilter.doFilter(OncePerRequestFilter.java:116) ~[spring-web-6.2.9.jar:6.2.9]
	at org.apache.catalina.core.ApplicationFilterChain.internalDoFilter(ApplicationFilterChain.java:164) ~[tomcat-embed-core-10.1.43.jar:10.1.43]
	at org.apache.catalina.core.ApplicationFilterChain.doFilter(ApplicationFilterChain.java:140) ~[tomcat-embed-core-10.1.43.jar:10.1.43]
	at org.springframework.web.filter.CharacterEncodingFilter.doFilterInternal(CharacterEncodingFilter.java:201) ~[spring-web-6.2.9.jar:6.2.9]
	at org.springframework.web.filter.OncePerRequestFilter.doFilter(OncePerRequestFilter.java:116) ~[spring-web-6.2.9.jar:6.2.9]
	at org.apache.catalina.core.ApplicationFilterChain.internalDoFilter(ApplicationFilterChain.java:164) ~[tomcat-embed-core-10.1.43.jar:10.1.43]
	at org.apache.catalina.core.ApplicationFilterChain.doFilter(ApplicationFilterChain.java:140) ~[tomcat-embed-core-10.1.43.jar:10.1.43]
	at org.apache.catalina.core.StandardWrapperValve.invoke(StandardWrapperValve.java:167) ~[tomcat-embed-core-10.1.43.jar:10.1.43]
	at org.apache.catalina.core.StandardContextValve.invoke(StandardContextValve.java:90) ~[tomcat-embed-core-10.1.43.jar:10.1.43]
	at org.apache.catalina.authenticator.AuthenticatorBase.invoke(AuthenticatorBase.java:483) ~[tomcat-embed-core-10.1.43.jar:10.1.43]
	at org.apache.catalina.core.StandardHostValve.invoke(StandardHostValve.java:116) ~[tomcat-embed-core-10.1.43.jar:10.1.43]
	at org.apache.catalina.valves.ErrorReportValve.invoke(ErrorReportValve.java:93) ~[tomcat-embed-core-10.1.43.jar:10.1.43]
	at org.apache.catalina.core.StandardEngineValve.invoke(StandardEngineValve.java:74) ~[tomcat-embed-core-10.1.43.jar:10.1.43]
	at org.apache.catalina.connector.CoyoteAdapter.service(CoyoteAdapter.java:344) ~[tomcat-embed-core-10.1.43.jar:10.1.43]
	at org.apache.coyote.http11.Http11Processor.service(Http11Processor.java:398) ~[tomcat-embed-core-10.1.43.jar:10.1.43]
	at org.apache.coyote.AbstractProcessorLight.process(AbstractProcessorLight.java:63) ~[tomcat-embed-core-10.1.43.jar:10.1.43]
	at org.apache.coyote.AbstractProtocol$ConnectionHandler.process(AbstractProtocol.java:903) ~[tomcat-embed-core-10.1.43.jar:10.1.43]
	at org.apache.tomcat.util.net.NioEndpoint$SocketProcessor.doRun(NioEndpoint.java:1769) ~[tomcat-embed-core-10.1.43.jar:10.1.43]
	at org.apache.tomcat.util.net.SocketProcessorBase.run(SocketProcessorBase.java:52) ~[tomcat-embed-core-10.1.43.jar:10.1.43]
	at org.apache.tomcat.util.threads.ThreadPoolExecutor.runWorker(ThreadPoolExecutor.java:1189) ~[tomcat-embed-core-10.1.43.jar:10.1.43]
	at org.apache.tomcat.util.threads.ThreadPoolExecutor$Worker.run(ThreadPoolExecutor.java:658) ~[tomcat-embed-core-10.1.43.jar:10.1.43]
	at org.apache.tomcat.util.threads.TaskThread$WrappingRunnable.run(TaskThread.java:63) ~[tomcat-embed-core-10.1.43.jar:10.1.43]
	at java.base/java.lang.Thread.run(Thread.java:1575) ~[na:na]
Caused by: java.net.ConnectException: Connection timed out: connect
	at java.base/sun.nio.ch.Net.connect0(Native Method) ~[na:na]
	at java.base/sun.nio.ch.Net.connect(Net.java:589) ~[na:na]
	at java.base/sun.nio.ch.Net.connect(Net.java:578) ~[na:na]
	at java.base/sun.nio.ch.NioSocketImpl.connect(NioSocketImpl.java:583) ~[na:na]
	at java.base/java.net.Socket.connect(Socket.java:760) ~[na:na]
	at java.base/java.net.Socket.connect(Socket.java:695) ~[na:na]
	at java.base/sun.net.NetworkClient.doConnect(NetworkClient.java:183) ~[na:na]
	at java.base/sun.net.www.http.HttpClient.openServer(HttpClient.java:531) ~[na:na]
	at java.base/sun.net.www.http.HttpClient.openServer(HttpClient.java:636) ~[na:na]
	at java.base/sun.net.www.http.HttpClient.<init>(HttpClient.java:280) ~[na:na]
	at java.base/sun.net.www.http.HttpClient.New(HttpClient.java:386) ~[na:na]
	at java.base/sun.net.www.http.HttpClient.New(HttpClient.java:408) ~[na:na]
	at java.base/sun.net.www.protocol.http.HttpURLConnection.getNewHttpClient(HttpURLConnection.java:1310) ~[na:na]
	at java.base/sun.net.www.protocol.http.HttpURLConnection.plainConnect0(HttpURLConnection.java:1243) ~[na:na]
	at java.base/sun.net.www.protocol.http.HttpURLConnection.plainConnect(HttpURLConnection.java:1129) ~[na:na]
	at java.base/sun.net.www.protocol.http.HttpURLConnection.connect(HttpURLConnection.java:1058) ~[na:na]
	at java.base/sun.net.www.protocol.http.HttpURLConnection.getOutputStream0(HttpURLConnection.java:1460) ~[na:na]
	at java.base/sun.net.www.protocol.http.HttpURLConnection.getOutputStream(HttpURLConnection.java:1423) ~[na:na]
	at cn.hutool.http.HttpConnection.getOutputStream(HttpConnection.java:458) ~[hutool-all-5.8.26.jar:5.8.26]
	at cn.hutool.http.HttpRequest.sendFormUrlEncoded(HttpRequest.java:1367) ~[hutool-all-5.8.26.jar:5.8.26]
	at cn.hutool.http.HttpRequest.send(HttpRequest.java:1342) ~[hutool-all-5.8.26.jar:5.8.26]
	... 81 common frames omitted

2025-08-05T11:08:03.291+08:00 ERROR 14484 --- [pmpSDK] [http-nio-8080-exec-2] com.alibaba.druid.pool.DruidDataSource   : testWhileIdle is true, validationQuery not set
2025-08-05T11:08:03.297+08:00  INFO 14484 --- [pmpSDK] [http-nio-8080-exec-2] com.alibaba.druid.pool.DruidDataSource   : {dataSource-1} inited
2025-08-05T11:08:03.309+08:00  INFO 14484 --- [pmpSDK] [Druid-ConnectionPool-Create-2110743975] o.o.core.v3.ConnectionFactoryImpl        : [37fcea71-4f89-49fe-843f-cd426ba68746] Try to connect. IP: 47.113.224.195:5432
2025-08-05T11:08:03.578+08:00  INFO 14484 --- [pmpSDK] [Druid-ConnectionPool-Create-2110743975] o.o.core.v3.ConnectionFactoryImpl        : [172.29.0.1:5826/47.113.224.195:5432] Connection is established. ID: 37fcea71-4f89-49fe-843f-cd426ba68746
2025-08-05T11:08:03.979+08:00  INFO 14484 --- [pmpSDK] [Druid-ConnectionPool-Create-2110743975] o.o.core.v3.ConnectionFactoryImpl        : Connect complete. ID: 37fcea71-4f89-49fe-843f-cd426ba68746
2025-08-05T11:09:56.790+08:00  INFO 14484 --- [pmpSDK] [http-nio-8080-exec-5] com.pmpsdk.log.LogUtils                  : Fetching user with ID: 1
2025-08-05T11:10:08.201+08:00  INFO 14484 --- [pmpSDK] [SpringApplicationShutdownHook] o.s.b.w.e.tomcat.GracefulShutdown        : Commencing graceful shutdown. Waiting for active requests to complete
2025-08-05T11:10:17.828+08:00 ERROR 14484 --- [pmpSDK] [http-nio-8080-exec-5] com.pmpsdk.log.LogUtils                  : 日志上报异常

cn.hutool.core.io.IORuntimeException: ConnectException: Connection timed out: connect
	at cn.hutool.http.HttpRequest.send(HttpRequest.java:1350) ~[hutool-all-5.8.26.jar:5.8.26]
	at cn.hutool.http.HttpRequest.doExecute(HttpRequest.java:1188) ~[hutool-all-5.8.26.jar:5.8.26]
	at cn.hutool.http.HttpRequest.execute(HttpRequest.java:1051) ~[hutool-all-5.8.26.jar:5.8.26]
	at cn.hutool.http.HttpRequest.execute(HttpRequest.java:1027) ~[hutool-all-5.8.26.jar:5.8.26]
	at cn.hutool.http.HttpUtil.post(HttpUtil.java:229) ~[hutool-all-5.8.26.jar:5.8.26]
	at cn.hutool.http.HttpUtil.post(HttpUtil.java:210) ~[hutool-all-5.8.26.jar:5.8.26]
	at com.pmpsdk.log.LogUtils.sendToServer(LogUtils.java:76) ~[classes/:na]
	at com.pmpsdk.log.LogUtils.info(LogUtils.java:46) ~[classes/:na]
	at com.pmpsdk.controller.UserController.getUser(UserController.java:35) ~[classes/:na]
	at java.base/jdk.internal.reflect.DirectMethodHandleAccessor.invoke(DirectMethodHandleAccessor.java:103) ~[na:na]
	at java.base/java.lang.reflect.Method.invoke(Method.java:580) ~[na:na]
	at org.springframework.aop.support.AopUtils.invokeJoinpointUsingReflection(AopUtils.java:360) ~[spring-aop-6.2.9.jar:6.2.9]
	at org.springframework.aop.framework.ReflectiveMethodInvocation.invokeJoinpoint(ReflectiveMethodInvocation.java:196) ~[spring-aop-6.2.9.jar:6.2.9]
	at org.springframework.aop.framework.ReflectiveMethodInvocation.proceed(ReflectiveMethodInvocation.java:163) ~[spring-aop-6.2.9.jar:6.2.9]
	at org.springframework.aop.aspectj.MethodInvocationProceedingJoinPoint.proceed(MethodInvocationProceedingJoinPoint.java:89) ~[spring-aop-6.2.9.jar:6.2.9]
	at com.pmpsdk.aspect.RequestMonitorAspect.monitorRestController(RequestMonitorAspect.java:37) ~[classes/:na]
	at java.base/jdk.internal.reflect.DirectMethodHandleAccessor.invoke(DirectMethodHandleAccessor.java:103) ~[na:na]
	at java.base/java.lang.reflect.Method.invoke(Method.java:580) ~[na:na]
	at org.springframework.aop.aspectj.AbstractAspectJAdvice.invokeAdviceMethodWithGivenArgs(AbstractAspectJAdvice.java:649) ~[spring-aop-6.2.9.jar:6.2.9]
	at org.springframework.aop.aspectj.AbstractAspectJAdvice.invokeAdviceMethod(AbstractAspectJAdvice.java:631) ~[spring-aop-6.2.9.jar:6.2.9]
	at org.springframework.aop.aspectj.AspectJAroundAdvice.invoke(AspectJAroundAdvice.java:71) ~[spring-aop-6.2.9.jar:6.2.9]
	at org.springframework.aop.framework.ReflectiveMethodInvocation.proceed(ReflectiveMethodInvocation.java:173) ~[spring-aop-6.2.9.jar:6.2.9]
	at org.springframework.aop.aspectj.MethodInvocationProceedingJoinPoint.proceed(MethodInvocationProceedingJoinPoint.java:89) ~[spring-aop-6.2.9.jar:6.2.9]
	at com.pmpsdk.aspect.RequestMonitorAspect.monitorRequest(RequestMonitorAspect.java:23) ~[classes/:na]
	at java.base/jdk.internal.reflect.DirectMethodHandleAccessor.invoke(DirectMethodHandleAccessor.java:103) ~[na:na]
	at java.base/java.lang.reflect.Method.invoke(Method.java:580) ~[na:na]
	at org.springframework.aop.aspectj.AbstractAspectJAdvice.invokeAdviceMethodWithGivenArgs(AbstractAspectJAdvice.java:649) ~[spring-aop-6.2.9.jar:6.2.9]
	at org.springframework.aop.aspectj.AbstractAspectJAdvice.invokeAdviceMethod(AbstractAspectJAdvice.java:631) ~[spring-aop-6.2.9.jar:6.2.9]
	at org.springframework.aop.aspectj.AspectJAroundAdvice.invoke(AspectJAroundAdvice.java:71) ~[spring-aop-6.2.9.jar:6.2.9]
	at org.springframework.aop.framework.ReflectiveMethodInvocation.proceed(ReflectiveMethodInvocation.java:173) ~[spring-aop-6.2.9.jar:6.2.9]
	at org.springframework.aop.interceptor.ExposeInvocationInterceptor.invoke(ExposeInvocationInterceptor.java:97) ~[spring-aop-6.2.9.jar:6.2.9]
	at org.springframework.aop.framework.ReflectiveMethodInvocation.proceed(ReflectiveMethodInvocation.java:184) ~[spring-aop-6.2.9.jar:6.2.9]
	at org.springframework.aop.framework.CglibAopProxy$DynamicAdvisedInterceptor.intercept(CglibAopProxy.java:728) ~[spring-aop-6.2.9.jar:6.2.9]
	at com.pmpsdk.controller.UserController$$SpringCGLIB$$0.getUser(<generated>) ~[classes/:na]
	at java.base/jdk.internal.reflect.DirectMethodHandleAccessor.invoke(DirectMethodHandleAccessor.java:103) ~[na:na]
	at java.base/java.lang.reflect.Method.invoke(Method.java:580) ~[na:na]
	at org.springframework.web.method.support.InvocableHandlerMethod.doInvoke(InvocableHandlerMethod.java:258) ~[spring-web-6.2.9.jar:6.2.9]
	at org.springframework.web.method.support.InvocableHandlerMethod.invokeForRequest(InvocableHandlerMethod.java:191) ~[spring-web-6.2.9.jar:6.2.9]
	at org.springframework.web.servlet.mvc.method.annotation.ServletInvocableHandlerMethod.invokeAndHandle(ServletInvocableHandlerMethod.java:118) ~[spring-webmvc-6.2.9.jar:6.2.9]
	at org.springframework.web.servlet.mvc.method.annotation.RequestMappingHandlerAdapter.invokeHandlerMethod(RequestMappingHandlerAdapter.java:991) ~[spring-webmvc-6.2.9.jar:6.2.9]
	at org.springframework.web.servlet.mvc.method.annotation.RequestMappingHandlerAdapter.handleInternal(RequestMappingHandlerAdapter.java:896) ~[spring-webmvc-6.2.9.jar:6.2.9]
	at org.springframework.web.servlet.mvc.method.AbstractHandlerMethodAdapter.handle(AbstractHandlerMethodAdapter.java:87) ~[spring-webmvc-6.2.9.jar:6.2.9]
	at org.springframework.web.servlet.DispatcherServlet.doDispatch(DispatcherServlet.java:1089) ~[spring-webmvc-6.2.9.jar:6.2.9]
	at org.springframework.web.servlet.DispatcherServlet.doService(DispatcherServlet.java:979) ~[spring-webmvc-6.2.9.jar:6.2.9]
	at org.springframework.web.servlet.FrameworkServlet.processRequest(FrameworkServlet.java:1014) ~[spring-webmvc-6.2.9.jar:6.2.9]
	at org.springframework.web.servlet.FrameworkServlet.doGet(FrameworkServlet.java:903) ~[spring-webmvc-6.2.9.jar:6.2.9]
	at jakarta.servlet.http.HttpServlet.service(HttpServlet.java:564) ~[tomcat-embed-core-10.1.43.jar:6.0]
	at org.springframework.web.servlet.FrameworkServlet.service(FrameworkServlet.java:885) ~[spring-webmvc-6.2.9.jar:6.2.9]
	at jakarta.servlet.http.HttpServlet.service(HttpServlet.java:658) ~[tomcat-embed-core-10.1.43.jar:6.0]
	at org.apache.catalina.core.ApplicationFilterChain.internalDoFilter(ApplicationFilterChain.java:195) ~[tomcat-embed-core-10.1.43.jar:10.1.43]
	at org.apache.catalina.core.ApplicationFilterChain.doFilter(ApplicationFilterChain.java:140) ~[tomcat-embed-core-10.1.43.jar:10.1.43]
	at org.apache.tomcat.websocket.server.WsFilter.doFilter(WsFilter.java:51) ~[tomcat-embed-websocket-10.1.43.jar:10.1.43]
	at org.apache.catalina.core.ApplicationFilterChain.internalDoFilter(ApplicationFilterChain.java:164) ~[tomcat-embed-core-10.1.43.jar:10.1.43]
	at org.apache.catalina.core.ApplicationFilterChain.doFilter(ApplicationFilterChain.java:140) ~[tomcat-embed-core-10.1.43.jar:10.1.43]
	at org.springframework.web.filter.RequestContextFilter.doFilterInternal(RequestContextFilter.java:100) ~[spring-web-6.2.9.jar:6.2.9]
	at org.springframework.web.filter.OncePerRequestFilter.doFilter(OncePerRequestFilter.java:116) ~[spring-web-6.2.9.jar:6.2.9]
	at org.apache.catalina.core.ApplicationFilterChain.internalDoFilter(ApplicationFilterChain.java:164) ~[tomcat-embed-core-10.1.43.jar:10.1.43]
	at org.apache.catalina.core.ApplicationFilterChain.doFilter(ApplicationFilterChain.java:140) ~[tomcat-embed-core-10.1.43.jar:10.1.43]
	at org.springframework.web.filter.FormContentFilter.doFilterInternal(FormContentFilter.java:93) ~[spring-web-6.2.9.jar:6.2.9]
	at org.springframework.web.filter.OncePerRequestFilter.doFilter(OncePerRequestFilter.java:116) ~[spring-web-6.2.9.jar:6.2.9]
	at org.apache.catalina.core.ApplicationFilterChain.internalDoFilter(ApplicationFilterChain.java:164) ~[tomcat-embed-core-10.1.43.jar:10.1.43]
	at org.apache.catalina.core.ApplicationFilterChain.doFilter(ApplicationFilterChain.java:140) ~[tomcat-embed-core-10.1.43.jar:10.1.43]
	at org.springframework.web.filter.CharacterEncodingFilter.doFilterInternal(CharacterEncodingFilter.java:201) ~[spring-web-6.2.9.jar:6.2.9]
	at org.springframework.web.filter.OncePerRequestFilter.doFilter(OncePerRequestFilter.java:116) ~[spring-web-6.2.9.jar:6.2.9]
	at org.apache.catalina.core.ApplicationFilterChain.internalDoFilter(ApplicationFilterChain.java:164) ~[tomcat-embed-core-10.1.43.jar:10.1.43]
	at org.apache.catalina.core.ApplicationFilterChain.doFilter(ApplicationFilterChain.java:140) ~[tomcat-embed-core-10.1.43.jar:10.1.43]
	at org.apache.catalina.core.StandardWrapperValve.invoke(StandardWrapperValve.java:167) ~[tomcat-embed-core-10.1.43.jar:10.1.43]
	at org.apache.catalina.core.StandardContextValve.invoke(StandardContextValve.java:90) ~[tomcat-embed-core-10.1.43.jar:10.1.43]
	at org.apache.catalina.authenticator.AuthenticatorBase.invoke(AuthenticatorBase.java:483) ~[tomcat-embed-core-10.1.43.jar:10.1.43]
	at org.apache.catalina.core.StandardHostValve.invoke(StandardHostValve.java:116) ~[tomcat-embed-core-10.1.43.jar:10.1.43]
	at org.apache.catalina.valves.ErrorReportValve.invoke(ErrorReportValve.java:93) ~[tomcat-embed-core-10.1.43.jar:10.1.43]
	at org.apache.catalina.core.StandardEngineValve.invoke(StandardEngineValve.java:74) ~[tomcat-embed-core-10.1.43.jar:10.1.43]
	at org.apache.catalina.connector.CoyoteAdapter.service(CoyoteAdapter.java:344) ~[tomcat-embed-core-10.1.43.jar:10.1.43]
	at org.apache.coyote.http11.Http11Processor.service(Http11Processor.java:398) ~[tomcat-embed-core-10.1.43.jar:10.1.43]
	at org.apache.coyote.AbstractProcessorLight.process(AbstractProcessorLight.java:63) ~[tomcat-embed-core-10.1.43.jar:10.1.43]
	at org.apache.coyote.AbstractProtocol$ConnectionHandler.process(AbstractProtocol.java:903) ~[tomcat-embed-core-10.1.43.jar:10.1.43]
	at org.apache.tomcat.util.net.NioEndpoint$SocketProcessor.doRun(NioEndpoint.java:1769) ~[tomcat-embed-core-10.1.43.jar:10.1.43]
	at org.apache.tomcat.util.net.SocketProcessorBase.run(SocketProcessorBase.java:52) ~[tomcat-embed-core-10.1.43.jar:10.1.43]
	at org.apache.tomcat.util.threads.ThreadPoolExecutor.runWorker(ThreadPoolExecutor.java:1189) ~[tomcat-embed-core-10.1.43.jar:10.1.43]
	at org.apache.tomcat.util.threads.ThreadPoolExecutor$Worker.run(ThreadPoolExecutor.java:658) ~[tomcat-embed-core-10.1.43.jar:10.1.43]
	at org.apache.tomcat.util.threads.TaskThread$WrappingRunnable.run(TaskThread.java:63) ~[tomcat-embed-core-10.1.43.jar:10.1.43]
	at java.base/java.lang.Thread.run(Thread.java:1575) ~[na:na]
Caused by: java.net.ConnectException: Connection timed out: connect
	at java.base/sun.nio.ch.Net.connect0(Native Method) ~[na:na]
	at java.base/sun.nio.ch.Net.connect(Net.java:589) ~[na:na]
	at java.base/sun.nio.ch.Net.connect(Net.java:578) ~[na:na]
	at java.base/sun.nio.ch.NioSocketImpl.connect(NioSocketImpl.java:583) ~[na:na]
	at java.base/java.net.Socket.connect(Socket.java:760) ~[na:na]
	at java.base/java.net.Socket.connect(Socket.java:695) ~[na:na]
	at java.base/sun.net.NetworkClient.doConnect(NetworkClient.java:183) ~[na:na]
	at java.base/sun.net.www.http.HttpClient.openServer(HttpClient.java:531) ~[na:na]
	at java.base/sun.net.www.http.HttpClient.openServer(HttpClient.java:636) ~[na:na]
	at java.base/sun.net.www.http.HttpClient.<init>(HttpClient.java:280) ~[na:na]
	at java.base/sun.net.www.http.HttpClient.New(HttpClient.java:386) ~[na:na]
	at java.base/sun.net.www.http.HttpClient.New(HttpClient.java:408) ~[na:na]
	at java.base/sun.net.www.protocol.http.HttpURLConnection.getNewHttpClient(HttpURLConnection.java:1310) ~[na:na]
	at java.base/sun.net.www.protocol.http.HttpURLConnection.plainConnect0(HttpURLConnection.java:1243) ~[na:na]
	at java.base/sun.net.www.protocol.http.HttpURLConnection.plainConnect(HttpURLConnection.java:1129) ~[na:na]
	at java.base/sun.net.www.protocol.http.HttpURLConnection.connect(HttpURLConnection.java:1058) ~[na:na]
	at java.base/sun.net.www.protocol.http.HttpURLConnection.getOutputStream0(HttpURLConnection.java:1460) ~[na:na]
	at java.base/sun.net.www.protocol.http.HttpURLConnection.getOutputStream(HttpURLConnection.java:1423) ~[na:na]
	at cn.hutool.http.HttpConnection.getOutputStream(HttpConnection.java:458) ~[hutool-all-5.8.26.jar:5.8.26]
	at cn.hutool.http.HttpRequest.sendFormUrlEncoded(HttpRequest.java:1367) ~[hutool-all-5.8.26.jar:5.8.26]
	at cn.hutool.http.HttpRequest.send(HttpRequest.java:1342) ~[hutool-all-5.8.26.jar:5.8.26]
	... 81 common frames omitted

2025-08-05T11:10:17.952+08:00  INFO 14484 --- [pmpSDK] [tomcat-shutdown] o.s.b.w.e.tomcat.GracefulShutdown        : Graceful shutdown complete
2025-08-05T11:10:17.955+08:00  INFO 14484 --- [pmpSDK] [SpringApplicationShutdownHook] com.alibaba.druid.pool.DruidDataSource   : {dataSource-1} closing ...
2025-08-05T11:10:17.957+08:00  INFO 14484 --- [pmpSDK] [SpringApplicationShutdownHook] com.alibaba.druid.pool.DruidDataSource   : {dataSource-1} closed
2025-08-05T11:10:27.106+08:00  INFO 3524 --- [pmpSDK] [main] com.pmpsdk.PmpSdkApplication             : Starting PmpSdkApplication using Java 23.0.1 with PID 3524 (E:\桌面\sdk\QG-MonitorPlatform-SDK\pmpSDK\target\classes started by 17811 in E:\桌面\sdk\QG-MonitorPlatform-SDK\pmpSDK)
2025-08-05T11:10:27.108+08:00  INFO 3524 --- [pmpSDK] [main] com.pmpsdk.PmpSdkApplication             : No active profile set, falling back to 1 default profile: "default"
2025-08-05T11:10:27.583+08:00  INFO 3524 --- [pmpSDK] [main] .s.d.r.c.RepositoryConfigurationDelegate : Multiple Spring Data modules found, entering strict repository configuration mode
2025-08-05T11:10:27.585+08:00  INFO 3524 --- [pmpSDK] [main] .s.d.r.c.RepositoryConfigurationDelegate : Bootstrapping Spring Data Redis repositories in DEFAULT mode.
2025-08-05T11:10:27.603+08:00  INFO 3524 --- [pmpSDK] [main] .s.d.r.c.RepositoryConfigurationDelegate : Finished Spring Data repository scanning in 6 ms. Found 0 Redis repository interfaces.
2025-08-05T11:10:28.050+08:00  INFO 3524 --- [pmpSDK] [main] o.s.b.w.embedded.tomcat.TomcatWebServer  : Tomcat initialized with port 8080 (http)
2025-08-05T11:10:28.059+08:00  INFO 3524 --- [pmpSDK] [main] o.apache.catalina.core.StandardService   : Starting service [Tomcat]
2025-08-05T11:10:28.059+08:00  INFO 3524 --- [pmpSDK] [main] o.apache.catalina.core.StandardEngine    : Starting Servlet engine: [Apache Tomcat/10.1.43]
2025-08-05T11:10:28.096+08:00  INFO 3524 --- [pmpSDK] [main] o.a.c.c.C.[Tomcat].[localhost].[/]       : Initializing Spring embedded WebApplicationContext
2025-08-05T11:10:28.097+08:00  INFO 3524 --- [pmpSDK] [main] w.s.c.ServletWebServerApplicationContext : Root WebApplicationContext: initialization completed in 946 ms
2025-08-05T11:10:28.873+08:00  INFO 3524 --- [pmpSDK] [main] o.s.b.w.embedded.tomcat.TomcatWebServer  : Tomcat started on port 8080 (http) with context path '/'
2025-08-05T11:10:28.880+08:00  INFO 3524 --- [pmpSDK] [main] com.pmpsdk.PmpSdkApplication             : Started PmpSdkApplication in 2.102 seconds (process running for 2.497)
2025-08-05T11:10:31.064+08:00  INFO 3524 --- [pmpSDK] [http-nio-8080-exec-2] o.a.c.c.C.[Tomcat].[localhost].[/]       : Initializing Spring DispatcherServlet 'dispatcherServlet'
2025-08-05T11:10:31.065+08:00  INFO 3524 --- [pmpSDK] [http-nio-8080-exec-2] o.s.web.servlet.DispatcherServlet        : Initializing Servlet 'dispatcherServlet'
2025-08-05T11:10:31.066+08:00  INFO 3524 --- [pmpSDK] [http-nio-8080-exec-2] o.s.web.servlet.DispatcherServlet        : Completed initialization in 1 ms
2025-08-05T11:10:31.092+08:00  INFO 3524 --- [pmpSDK] [http-nio-8080-exec-2] com.pmpsdk.log.LogUtils                  : Fetching user with ID: 1
2025-08-05T11:10:31.112+08:00 ERROR 3524 --- [pmpSDK] [http-nio-8080-exec-2] com.alibaba.druid.pool.DruidDataSource   : testWhileIdle is true, validationQuery not set
2025-08-05T11:10:31.118+08:00  INFO 3524 --- [pmpSDK] [http-nio-8080-exec-2] com.alibaba.druid.pool.DruidDataSource   : {dataSource-1} inited
2025-08-05T11:10:31.130+08:00  INFO 3524 --- [pmpSDK] [Druid-ConnectionPool-Create-2055374167] o.o.core.v3.ConnectionFactoryImpl        : [bc0c8aa5-b89f-423e-8cc7-2f960d8bf60f] Try to connect. IP: 47.113.224.195:5432
2025-08-05T11:10:31.391+08:00  INFO 3524 --- [pmpSDK] [Druid-ConnectionPool-Create-2055374167] o.o.core.v3.ConnectionFactoryImpl        : [172.29.0.1:5870/47.113.224.195:5432] Connection is established. ID: bc0c8aa5-b89f-423e-8cc7-2f960d8bf60f
2025-08-05T11:10:31.787+08:00  INFO 3524 --- [pmpSDK] [Druid-ConnectionPool-Create-2055374167] o.o.core.v3.ConnectionFactoryImpl        : Connect complete. ID: bc0c8aa5-b89f-423e-8cc7-2f960d8bf60f
2025-08-05T11:10:39.691+08:00  INFO 3524 --- [pmpSDK] [http-nio-8080-exec-3] com.pmpsdk.log.LogUtils                  : Fetching user with ID: 1
2025-08-05T11:10:40.671+08:00  INFO 3524 --- [pmpSDK] [http-nio-8080-exec-4] com.pmpsdk.log.LogUtils                  : Fetching user with ID: 1
2025-08-05T11:10:41.524+08:00  INFO 3524 --- [pmpSDK] [http-nio-8080-exec-8] com.pmpsdk.log.LogUtils                  : Fetching user with ID: 1
2025-08-05T11:10:47.183+08:00  INFO 3524 --- [pmpSDK] [SpringApplicationShutdownHook] o.s.b.w.e.tomcat.GracefulShutdown        : Commencing graceful shutdown. Waiting for active requests to complete
2025-08-05T11:10:47.188+08:00  INFO 3524 --- [pmpSDK] [tomcat-shutdown] o.s.b.w.e.tomcat.GracefulShutdown        : Graceful shutdown complete
2025-08-05T11:10:47.192+08:00  INFO 3524 --- [pmpSDK] [SpringApplicationShutdownHook] com.alibaba.druid.pool.DruidDataSource   : {dataSource-1} closing ...
2025-08-05T11:10:47.193+08:00  INFO 3524 --- [pmpSDK] [SpringApplicationShutdownHook] com.alibaba.druid.pool.DruidDataSource   : {dataSource-1} closed
2025-08-05T11:11:16.218+08:00  INFO 12608 --- [pmpSDK] [main] com.pmpsdk.PmpSdkApplication             : Starting PmpSdkApplication using Java 23.0.1 with PID 12608 (E:\桌面\sdk\QG-MonitorPlatform-SDK\pmpSDK\target\classes started by 17811 in E:\桌面\sdk\QG-MonitorPlatform-SDK\pmpSDK)
2025-08-05T11:11:16.220+08:00  INFO 12608 --- [pmpSDK] [main] com.pmpsdk.PmpSdkApplication             : No active profile set, falling back to 1 default profile: "default"
2025-08-05T11:11:16.645+08:00  INFO 12608 --- [pmpSDK] [main] .s.d.r.c.RepositoryConfigurationDelegate : Multiple Spring Data modules found, entering strict repository configuration mode
2025-08-05T11:11:16.647+08:00  INFO 12608 --- [pmpSDK] [main] .s.d.r.c.RepositoryConfigurationDelegate : Bootstrapping Spring Data Redis repositories in DEFAULT mode.
2025-08-05T11:11:16.665+08:00  INFO 12608 --- [pmpSDK] [main] .s.d.r.c.RepositoryConfigurationDelegate : Finished Spring Data repository scanning in 6 ms. Found 0 Redis repository interfaces.
2025-08-05T11:11:17.119+08:00  INFO 12608 --- [pmpSDK] [main] o.s.b.w.embedded.tomcat.TomcatWebServer  : Tomcat initialized with port 8080 (http)
2025-08-05T11:11:17.129+08:00  INFO 12608 --- [pmpSDK] [main] o.apache.catalina.core.StandardService   : Starting service [Tomcat]
2025-08-05T11:11:17.129+08:00  INFO 12608 --- [pmpSDK] [main] o.apache.catalina.core.StandardEngine    : Starting Servlet engine: [Apache Tomcat/10.1.43]
2025-08-05T11:11:17.165+08:00  INFO 12608 --- [pmpSDK] [main] o.a.c.c.C.[Tomcat].[localhost].[/]       : Initializing Spring embedded WebApplicationContext
2025-08-05T11:11:17.168+08:00  INFO 12608 --- [pmpSDK] [main] w.s.c.ServletWebServerApplicationContext : Root WebApplicationContext: initialization completed in 908 ms
2025-08-05T11:11:17.941+08:00  INFO 12608 --- [pmpSDK] [main] o.s.b.w.embedded.tomcat.TomcatWebServer  : Tomcat started on port 8080 (http) with context path '/'
2025-08-05T11:11:17.947+08:00  INFO 12608 --- [pmpSDK] [main] com.pmpsdk.PmpSdkApplication             : Started PmpSdkApplication in 2.022 seconds (process running for 2.373)
2025-08-05T11:11:20.929+08:00  INFO 12608 --- [pmpSDK] [http-nio-8080-exec-1] o.a.c.c.C.[Tomcat].[localhost].[/]       : Initializing Spring DispatcherServlet 'dispatcherServlet'
2025-08-05T11:11:20.929+08:00  INFO 12608 --- [pmpSDK] [http-nio-8080-exec-1] o.s.web.servlet.DispatcherServlet        : Initializing Servlet 'dispatcherServlet'
2025-08-05T11:11:20.930+08:00  INFO 12608 --- [pmpSDK] [http-nio-8080-exec-1] o.s.web.servlet.DispatcherServlet        : Completed initialization in 1 ms
2025-08-05T11:11:20.954+08:00  INFO 12608 --- [pmpSDK] [http-nio-8080-exec-1] com.pmpsdk.log.LogUtils                  : Fetching user with ID: 1
2025-08-05T11:11:20.971+08:00 ERROR 12608 --- [pmpSDK] [http-nio-8080-exec-1] com.alibaba.druid.pool.DruidDataSource   : testWhileIdle is true, validationQuery not set
2025-08-05T11:11:20.978+08:00  INFO 12608 --- [pmpSDK] [http-nio-8080-exec-1] com.alibaba.druid.pool.DruidDataSource   : {dataSource-1} inited
2025-08-05T11:11:20.989+08:00  INFO 12608 --- [pmpSDK] [Druid-ConnectionPool-Create-1764182062] o.o.core.v3.ConnectionFactoryImpl        : [61df558d-846b-4f04-9f3c-1b95785936d3] Try to connect. IP: 47.113.224.195:5432
2025-08-05T11:11:21.258+08:00  INFO 12608 --- [pmpSDK] [Druid-ConnectionPool-Create-1764182062] o.o.core.v3.ConnectionFactoryImpl        : [172.29.0.1:5892/47.113.224.195:5432] Connection is established. ID: 61df558d-846b-4f04-9f3c-1b95785936d3
2025-08-05T11:11:22.127+08:00  INFO 12608 --- [pmpSDK] [Druid-ConnectionPool-Create-1764182062] o.o.core.v3.ConnectionFactoryImpl        : Connect complete. ID: 61df558d-846b-4f04-9f3c-1b95785936d3
2025-08-05T11:11:23.706+08:00  INFO 12608 --- [pmpSDK] [http-nio-8080-exec-7] com.pmpsdk.log.LogUtils                  : Fetching user with ID: 1
2025-08-05T11:11:28.232+08:00  INFO 12608 --- [pmpSDK] [SpringApplicationShutdownHook] o.s.b.w.e.tomcat.GracefulShutdown        : Commencing graceful shutdown. Waiting for active requests to complete
2025-08-05T11:11:28.236+08:00  INFO 12608 --- [pmpSDK] [tomcat-shutdown] o.s.b.w.e.tomcat.GracefulShutdown        : Graceful shutdown complete
2025-08-05T11:11:28.241+08:00  INFO 12608 --- [pmpSDK] [SpringApplicationShutdownHook] com.alibaba.druid.pool.DruidDataSource   : {dataSource-1} closing ...
2025-08-05T11:11:28.243+08:00  INFO 12608 --- [pmpSDK] [SpringApplicationShutdownHook] com.alibaba.druid.pool.DruidDataSource   : {dataSource-1} closed
